2024-06-08T16:33:43.955+0530 [DEBUG] [org.gradle.launcher.daemon.bootstrap.DaemonMain] Assuming the daemon was started with following jvm opts: [--add-opens, java.base/java.util=ALL-UNNAMED, --add-opens, java.base/java.lang=ALL-UNNAMED, --add-opens, java.base/java.lang.invoke=ALL-UNNAMED, --add-opens, java.prefs/java.util.prefs=ALL-UNNAMED, -Xmx1536m, -Dfile.encoding=windows-1252, -Duser.country=IN, -Duser.language=en, -Duser.variant]
2024-06-08T16:33:44.086+0530 [DEBUG] [org.gradle.internal.nativeintegration.services.NativeServices] Native-platform posix files integration is not available. Continuing with fallback.
2024-06-08T16:33:44.151+0530 [INFO] [org.gradle.launcher.daemon.server.Daemon] start() called on daemon - DefaultDaemonContext[uid=ad840dd9-70c7-49d7-bc01-c07c3ee56b43,javaHome=C:\Users\SAMPADA\.jdks\corretto-11.0.22,daemonRegistryDir=E:\final_Project\LeafAI\daemon,pid=24612,idleTimeout=10800000,priority=NORMAL,daemonOpts=--add-opens,java.base/java.util=ALL-UNNAMED,--add-opens,java.base/java.lang=ALL-UNNAMED,--add-opens,java.base/java.lang.invoke=ALL-UNNAMED,--add-opens,java.prefs/java.util.prefs=ALL-UNNAMED,-Xmx1536m,-Dfile.encoding=windows-1252,-Duser.country=IN,-Duser.language=en,-Duser.variant]
2024-06-08T16:33:44.393+0530 [DEBUG] [org.gradle.internal.remote.internal.inet.InetAddresses] Adding IP addresses for network interface Software Loopback Interface 1
2024-06-08T16:33:44.395+0530 [DEBUG] [org.gradle.internal.remote.internal.inet.InetAddresses] Is this a loopback interface? true
2024-06-08T16:33:44.395+0530 [DEBUG] [org.gradle.internal.remote.internal.inet.InetAddresses] Adding loopback address /127.0.0.1
2024-06-08T16:33:44.395+0530 [DEBUG] [org.gradle.internal.remote.internal.inet.InetAddresses] Adding loopback address /0:0:0:0:0:0:0:1
2024-06-08T16:33:44.401+0530 [DEBUG] [org.gradle.internal.remote.internal.inet.InetAddresses] Adding IP addresses for network interface WAN Miniport (IP)
2024-06-08T16:33:44.402+0530 [DEBUG] [org.gradle.internal.remote.internal.inet.InetAddresses] Is this a loopback interface? false
2024-06-08T16:33:44.402+0530 [DEBUG] [org.gradle.internal.remote.internal.inet.InetAddresses] Adding IP addresses for network interface WAN Miniport (IPv6)
2024-06-08T16:33:44.404+0530 [DEBUG] [org.gradle.internal.remote.internal.inet.InetAddresses] Is this a loopback interface? false
2024-06-08T16:33:44.404+0530 [DEBUG] [org.gradle.internal.remote.internal.inet.InetAddresses] Adding IP addresses for network interface Microsoft 6to4 Adapter
2024-06-08T16:33:44.405+0530 [DEBUG] [org.gradle.internal.remote.internal.inet.InetAddresses] Is this a loopback interface? false
2024-06-08T16:33:44.406+0530 [DEBUG] [org.gradle.internal.remote.internal.inet.InetAddresses] Adding IP addresses for network interface Bluetooth Device (Personal Area Network)
2024-06-08T16:33:44.407+0530 [DEBUG] [org.gradle.internal.remote.internal.inet.InetAddresses] Is this a loopback interface? false
2024-06-08T16:33:44.408+0530 [DEBUG] [org.gradle.internal.remote.internal.inet.InetAddresses] Adding remote address /fe80:0:0:0:6417:101f:868f:d490%eth2
2024-06-08T16:33:44.408+0530 [DEBUG] [org.gradle.internal.remote.internal.inet.InetAddresses] Adding IP addresses for network interface Microsoft IP-HTTPS Platform Adapter
2024-06-08T16:33:44.409+0530 [DEBUG] [org.gradle.internal.remote.internal.inet.InetAddresses] Is this a loopback interface? false
2024-06-08T16:33:44.410+0530 [DEBUG] [org.gradle.internal.remote.internal.inet.InetAddresses] Adding IP addresses for network interface Realtek USB GbE Family Controller
2024-06-08T16:33:44.411+0530 [DEBUG] [org.gradle.internal.remote.internal.inet.InetAddresses] Is this a loopback interface? false
2024-06-08T16:33:44.411+0530 [DEBUG] [org.gradle.internal.remote.internal.inet.InetAddresses] Adding IP addresses for network interface WAN Miniport (Network Monitor)
2024-06-08T16:33:44.412+0530 [DEBUG] [org.gradle.internal.remote.internal.inet.InetAddresses] Is this a loopback interface? false
2024-06-08T16:33:44.412+0530 [DEBUG] [org.gradle.internal.remote.internal.inet.InetAddresses] Adding IP addresses for network interface Microsoft Teredo Tunneling Adapter
2024-06-08T16:33:44.414+0530 [DEBUG] [org.gradle.internal.remote.internal.inet.InetAddresses] Is this a loopback interface? false
2024-06-08T16:33:44.414+0530 [DEBUG] [org.gradle.internal.remote.internal.inet.InetAddresses] Adding IP addresses for network interface WAN Miniport (L2TP)
2024-06-08T16:33:44.415+0530 [DEBUG] [org.gradle.internal.remote.internal.inet.InetAddresses] Is this a loopback interface? false
2024-06-08T16:33:44.415+0530 [DEBUG] [org.gradle.internal.remote.internal.inet.InetAddresses] Adding IP addresses for network interface Intel(R) Wi-Fi 6E AX211 160MHz
2024-06-08T16:33:44.417+0530 [DEBUG] [org.gradle.internal.remote.internal.inet.InetAddresses] Is this a loopback interface? false
2024-06-08T16:33:44.417+0530 [DEBUG] [org.gradle.internal.remote.internal.inet.InetAddresses] Adding remote address /192.168.1.202
2024-06-08T16:33:44.417+0530 [DEBUG] [org.gradle.internal.remote.internal.inet.InetAddresses] Adding remote address /fe80:0:0:0:8fb4:7892:9fb9:2672%wlan0
2024-06-08T16:33:44.417+0530 [DEBUG] [org.gradle.internal.remote.internal.inet.InetAddresses] Adding IP addresses for network interface WAN Miniport (PPPOE)
2024-06-08T16:33:44.418+0530 [DEBUG] [org.gradle.internal.remote.internal.inet.InetAddresses] Is this a loopback interface? false
2024-06-08T16:33:44.418+0530 [DEBUG] [org.gradle.internal.remote.internal.inet.InetAddresses] Adding IP addresses for network interface Microsoft Wi-Fi Direct Virtual Adapter
2024-06-08T16:33:44.420+0530 [DEBUG] [org.gradle.internal.remote.internal.inet.InetAddresses] Is this a loopback interface? false
2024-06-08T16:33:44.420+0530 [DEBUG] [org.gradle.internal.remote.internal.inet.InetAddresses] Adding remote address /fe80:0:0:0:4d22:8e2f:98a0:f16d%wlan1
2024-06-08T16:33:44.420+0530 [DEBUG] [org.gradle.internal.remote.internal.inet.InetAddresses] Adding IP addresses for network interface WAN Miniport (PPTP)
2024-06-08T16:33:44.422+0530 [DEBUG] [org.gradle.internal.remote.internal.inet.InetAddresses] Is this a loopback interface? false
2024-06-08T16:33:44.422+0530 [DEBUG] [org.gradle.internal.remote.internal.inet.InetAddresses] Adding IP addresses for network interface WAN Miniport (IKEv2)
2024-06-08T16:33:44.423+0530 [DEBUG] [org.gradle.internal.remote.internal.inet.InetAddresses] Is this a loopback interface? false
2024-06-08T16:33:44.423+0530 [DEBUG] [org.gradle.internal.remote.internal.inet.InetAddresses] Adding IP addresses for network interface WAN Miniport (SSTP)
2024-06-08T16:33:44.425+0530 [DEBUG] [org.gradle.internal.remote.internal.inet.InetAddresses] Is this a loopback interface? false
2024-06-08T16:33:44.425+0530 [DEBUG] [org.gradle.internal.remote.internal.inet.InetAddresses] Adding IP addresses for network interface Microsoft Wi-Fi Direct Virtual Adapter #2
2024-06-08T16:33:44.426+0530 [DEBUG] [org.gradle.internal.remote.internal.inet.InetAddresses] Is this a loopback interface? false
2024-06-08T16:33:44.426+0530 [DEBUG] [org.gradle.internal.remote.internal.inet.InetAddresses] Adding remote address /fe80:0:0:0:ee16:136:ee1e:b89c%wlan2
2024-06-08T16:33:44.426+0530 [DEBUG] [org.gradle.internal.remote.internal.inet.InetAddresses] Adding IP addresses for network interface Microsoft Kernel Debug Network Adapter
2024-06-08T16:33:44.428+0530 [DEBUG] [org.gradle.internal.remote.internal.inet.InetAddresses] Is this a loopback interface? false
2024-06-08T16:33:44.428+0530 [DEBUG] [org.gradle.internal.remote.internal.inet.InetAddresses] Adding IP addresses for network interface Intel(R) Wi-Fi 6E AX211 160MHz-WFP Native MAC Layer LightWeight Filter-0000
2024-06-08T16:33:44.430+0530 [DEBUG] [org.gradle.internal.remote.internal.inet.InetAddresses] Is this a loopback interface? false
2024-06-08T16:33:44.430+0530 [DEBUG] [org.gradle.internal.remote.internal.inet.InetAddresses] Adding IP addresses for network interface Intel(R) Wi-Fi 6E AX211 160MHz-Virtual WiFi Filter Driver-0000
2024-06-08T16:33:44.432+0530 [DEBUG] [org.gradle.internal.remote.internal.inet.InetAddresses] Is this a loopback interface? false
2024-06-08T16:33:44.432+0530 [DEBUG] [org.gradle.internal.remote.internal.inet.InetAddresses] Adding IP addresses for network interface Intel(R) Wi-Fi 6E AX211 160MHz-Native WiFi Filter Driver-0000
2024-06-08T16:33:44.433+0530 [DEBUG] [org.gradle.internal.remote.internal.inet.InetAddresses] Is this a loopback interface? false
2024-06-08T16:33:44.433+0530 [DEBUG] [org.gradle.internal.remote.internal.inet.InetAddresses] Adding IP addresses for network interface Intel(R) Wi-Fi 6E AX211 160MHz-QoS Packet Scheduler-0000
2024-06-08T16:33:44.436+0530 [DEBUG] [org.gradle.internal.remote.internal.inet.InetAddresses] Is this a loopback interface? false
2024-06-08T16:33:44.436+0530 [DEBUG] [org.gradle.internal.remote.internal.inet.InetAddresses] Adding IP addresses for network interface Intel(R) Wi-Fi 6E AX211 160MHz-WFP 802.3 MAC Layer LightWeight Filter-0000
2024-06-08T16:33:44.438+0530 [DEBUG] [org.gradle.internal.remote.internal.inet.InetAddresses] Is this a loopback interface? false
2024-06-08T16:33:44.438+0530 [DEBUG] [org.gradle.internal.remote.internal.inet.InetAddresses] Adding IP addresses for network interface Microsoft Wi-Fi Direct Virtual Adapter #2-WFP Native MAC Layer LightWeight Filter-0000
2024-06-08T16:33:44.440+0530 [DEBUG] [org.gradle.internal.remote.internal.inet.InetAddresses] Is this a loopback interface? false
2024-06-08T16:33:44.440+0530 [DEBUG] [org.gradle.internal.remote.internal.inet.InetAddresses] Adding IP addresses for network interface Microsoft Wi-Fi Direct Virtual Adapter-WFP Native MAC Layer LightWeight Filter-0000
2024-06-08T16:33:44.442+0530 [DEBUG] [org.gradle.internal.remote.internal.inet.InetAddresses] Is this a loopback interface? false
2024-06-08T16:33:44.442+0530 [DEBUG] [org.gradle.internal.remote.internal.inet.InetAddresses] Adding IP addresses for network interface Microsoft Wi-Fi Direct Virtual Adapter-Native WiFi Filter Driver-0000
2024-06-08T16:33:44.443+0530 [DEBUG] [org.gradle.internal.remote.internal.inet.InetAddresses] Is this a loopback interface? false
2024-06-08T16:33:44.443+0530 [DEBUG] [org.gradle.internal.remote.internal.inet.InetAddresses] Adding IP addresses for network interface Microsoft Wi-Fi Direct Virtual Adapter-QoS Packet Scheduler-0000
2024-06-08T16:33:44.444+0530 [DEBUG] [org.gradle.internal.remote.internal.inet.InetAddresses] Is this a loopback interface? false
2024-06-08T16:33:44.445+0530 [DEBUG] [org.gradle.internal.remote.internal.inet.InetAddresses] Adding IP addresses for network interface Microsoft Wi-Fi Direct Virtual Adapter-WFP 802.3 MAC Layer LightWeight Filter-0000
2024-06-08T16:33:44.446+0530 [DEBUG] [org.gradle.internal.remote.internal.inet.InetAddresses] Is this a loopback interface? false
2024-06-08T16:33:44.447+0530 [DEBUG] [org.gradle.internal.remote.internal.inet.InetAddresses] Adding IP addresses for network interface Microsoft Wi-Fi Direct Virtual Adapter #2-Native WiFi Filter Driver-0000
2024-06-08T16:33:44.448+0530 [DEBUG] [org.gradle.internal.remote.internal.inet.InetAddresses] Is this a loopback interface? false
2024-06-08T16:33:44.448+0530 [DEBUG] [org.gradle.internal.remote.internal.inet.InetAddresses] Adding IP addresses for network interface Microsoft Wi-Fi Direct Virtual Adapter #2-QoS Packet Scheduler-0000
2024-06-08T16:33:44.450+0530 [DEBUG] [org.gradle.internal.remote.internal.inet.InetAddresses] Is this a loopback interface? false
2024-06-08T16:33:44.450+0530 [DEBUG] [org.gradle.internal.remote.internal.inet.InetAddresses] Adding IP addresses for network interface Microsoft Wi-Fi Direct Virtual Adapter #2-WFP 802.3 MAC Layer LightWeight Filter-0000
2024-06-08T16:33:44.455+0530 [DEBUG] [org.gradle.internal.remote.internal.inet.InetAddresses] Is this a loopback interface? false
2024-06-08T16:33:44.455+0530 [DEBUG] [org.gradle.internal.remote.internal.inet.InetAddresses] Adding IP addresses for network interface WAN Miniport (IP)-WFP Native MAC Layer LightWeight Filter-0000
2024-06-08T16:33:44.457+0530 [DEBUG] [org.gradle.internal.remote.internal.inet.InetAddresses] Is this a loopback interface? false
2024-06-08T16:33:44.457+0530 [DEBUG] [org.gradle.internal.remote.internal.inet.InetAddresses] Adding IP addresses for network interface WAN Miniport (IP)-QoS Packet Scheduler-0000
2024-06-08T16:33:44.458+0530 [DEBUG] [org.gradle.internal.remote.internal.inet.InetAddresses] Is this a loopback interface? false
2024-06-08T16:33:44.458+0530 [DEBUG] [org.gradle.internal.remote.internal.inet.InetAddresses] Adding IP addresses for network interface WAN Miniport (IPv6)-WFP Native MAC Layer LightWeight Filter-0000
2024-06-08T16:33:44.459+0530 [DEBUG] [org.gradle.internal.remote.internal.inet.InetAddresses] Is this a loopback interface? false
2024-06-08T16:33:44.460+0530 [DEBUG] [org.gradle.internal.remote.internal.inet.InetAddresses] Adding IP addresses for network interface WAN Miniport (IPv6)-QoS Packet Scheduler-0000
2024-06-08T16:33:44.461+0530 [DEBUG] [org.gradle.internal.remote.internal.inet.InetAddresses] Is this a loopback interface? false
2024-06-08T16:33:44.461+0530 [DEBUG] [org.gradle.internal.remote.internal.inet.InetAddresses] Adding IP addresses for network interface WAN Miniport (Network Monitor)-WFP Native MAC Layer LightWeight Filter-0000
2024-06-08T16:33:44.462+0530 [DEBUG] [org.gradle.internal.remote.internal.inet.InetAddresses] Is this a loopback interface? false
2024-06-08T16:33:44.463+0530 [DEBUG] [org.gradle.internal.remote.internal.inet.InetAddresses] Adding IP addresses for network interface WAN Miniport (Network Monitor)-QoS Packet Scheduler-0000
2024-06-08T16:33:44.464+0530 [DEBUG] [org.gradle.internal.remote.internal.inet.InetAddresses] Is this a loopback interface? false
2024-06-08T16:33:44.467+0530 [DEBUG] [org.gradle.internal.remote.internal.inet.TcpIncomingConnector] Listening on [0b7ec4c4-637b-4def-b42e-8bcdb7e56e2a port:58367, addresses:[localhost/127.0.0.1]].
2024-06-08T16:33:44.484+0530 [DEBUG] [org.gradle.launcher.daemon.server.Daemon] Daemon starting at: Sat Jun 08 16:33:44 IST 2024, with address: [0b7ec4c4-637b-4def-b42e-8bcdb7e56e2a port:58367, addresses:[localhost/127.0.0.1]]
2024-06-08T16:33:44.485+0530 [INFO] [org.gradle.launcher.daemon.server.DaemonRegistryUpdater] Advertising the daemon address to the clients: [0b7ec4c4-637b-4def-b42e-8bcdb7e56e2a port:58367, addresses:[localhost/127.0.0.1]]
2024-06-08T16:33:44.485+0530 [DEBUG] [org.gradle.launcher.daemon.server.DaemonRegistryUpdater] Advertised daemon context: DefaultDaemonContext[uid=ad840dd9-70c7-49d7-bc01-c07c3ee56b43,javaHome=C:\Users\SAMPADA\.jdks\corretto-11.0.22,daemonRegistryDir=E:\final_Project\LeafAI\daemon,pid=24612,idleTimeout=10800000,priority=NORMAL,daemonOpts=--add-opens,java.base/java.util=ALL-UNNAMED,--add-opens,java.base/java.lang=ALL-UNNAMED,--add-opens,java.base/java.lang.invoke=ALL-UNNAMED,--add-opens,java.prefs/java.util.prefs=ALL-UNNAMED,-Xmx1536m,-Dfile.encoding=windows-1252,-Duser.country=IN,-Duser.language=en,-Duser.variant]
2024-06-08T16:33:44.486+0530 [DEBUG] [org.gradle.launcher.daemon.registry.PersistentDaemonRegistry] Storing daemon address: [0b7ec4c4-637b-4def-b42e-8bcdb7e56e2a port:58367, addresses:[localhost/127.0.0.1]], context: DefaultDaemonContext[uid=ad840dd9-70c7-49d7-bc01-c07c3ee56b43,javaHome=C:\Users\SAMPADA\.jdks\corretto-11.0.22,daemonRegistryDir=E:\final_Project\LeafAI\daemon,pid=24612,idleTimeout=10800000,priority=NORMAL,daemonOpts=--add-opens,java.base/java.util=ALL-UNNAMED,--add-opens,java.base/java.lang=ALL-UNNAMED,--add-opens,java.base/java.lang.invoke=ALL-UNNAMED,--add-opens,java.prefs/java.util.prefs=ALL-UNNAMED,-Xmx1536m,-Dfile.encoding=windows-1252,-Duser.country=IN,-Duser.language=en,-Duser.variant]
2024-06-08T16:33:44.495+0530 [DEBUG] [org.gradle.cache.internal.DefaultFileLockManager] Waiting to acquire exclusive lock on daemon addresses registry.
2024-06-08T16:33:44.497+0530 [DEBUG] [org.gradle.cache.internal.DefaultFileLockManager] Lock acquired on daemon addresses registry.
2024-06-08T16:33:44.501+0530 [DEBUG] [org.gradle.cache.internal.DefaultFileLockManager] Releasing lock on daemon addresses registry.
2024-06-08T16:33:44.501+0530 [LIFECYCLE] [org.gradle.launcher.daemon.server.Daemon] Daemon server started.
2024-06-08T16:33:44.504+0530 [DEBUG] [org.gradle.launcher.daemon.bootstrap.DaemonStartupCommunication] Completed writing the daemon greeting. Closing streams...
2024-06-08T16:33:44.509+0530 [DEBUG] [org.gradle.launcher.daemon.server.Daemon] stopOnExpiration() called on daemon
2024-06-08T16:33:44.511+0530 [DEBUG] [org.gradle.launcher.daemon.server.Daemon] awaitExpiration() called on daemon
2024-06-08T16:33:44.511+0530 [DEBUG] [org.gradle.launcher.daemon.server.DaemonStateCoordinator] daemon is running. Sleeping until state changes.
2024-06-08T16:33:44.512+0530 [DEBUG] [org.gradle.internal.remote.internal.inet.TcpIncomingConnector] Accepted connection from /127.0.0.1:58368 to /127.0.0.1:58367.
2024-06-08T16:33:44.580+0530 [DEBUG] [org.gradle.launcher.daemon.server.SynchronizedDispatchConnection] thread 20: received class org.gradle.launcher.daemon.protocol.Build
2024-06-08T16:33:44.580+0530 [DEBUG] [org.gradle.launcher.daemon.server.DefaultDaemonConnection] thread 20: Received non-IO message from client: Build{id=b670f785-9d97-491d-a33e-7efd04e0914b, currentDir=E:\PLDD\LeafAI}
2024-06-08T16:33:44.580+0530 [INFO] [org.gradle.launcher.daemon.server.DefaultIncomingConnectionHandler] Received command: Build{id=b670f785-9d97-491d-a33e-7efd04e0914b, currentDir=E:\PLDD\LeafAI}.
2024-06-08T16:33:44.581+0530 [DEBUG] [org.gradle.launcher.daemon.server.DefaultIncomingConnectionHandler] Starting executing command: Build{id=b670f785-9d97-491d-a33e-7efd04e0914b, currentDir=E:\PLDD\LeafAI} with connection: socket connection from /127.0.0.1:58367 to /127.0.0.1:58368.
2024-06-08T16:33:44.583+0530 [ERROR] [org.gradle.launcher.daemon.server.DaemonStateCoordinator] Command execution: started DaemonCommandExecution[command = Build{id=b670f785-9d97-491d-a33e-7efd04e0914b, currentDir=E:\PLDD\LeafAI}, connection = DefaultDaemonConnection: socket connection from /127.0.0.1:58367 to /127.0.0.1:58368] after 0.0 minutes of idle
2024-06-08T16:33:44.583+0530 [INFO] [org.gradle.launcher.daemon.server.DaemonRegistryUpdater] Marking the daemon as busy, address: [0b7ec4c4-637b-4def-b42e-8bcdb7e56e2a port:58367, addresses:[localhost/127.0.0.1]]
2024-06-08T16:33:44.583+0530 [DEBUG] [org.gradle.launcher.daemon.registry.PersistentDaemonRegistry] Marking busy by address: [0b7ec4c4-637b-4def-b42e-8bcdb7e56e2a port:58367, addresses:[localhost/127.0.0.1]]
2024-06-08T16:33:44.584+0530 [DEBUG] [org.gradle.cache.internal.DefaultFileLockManager] Waiting to acquire exclusive lock on daemon addresses registry.
2024-06-08T16:33:44.584+0530 [DEBUG] [org.gradle.cache.internal.DefaultFileLockManager] Lock acquired on daemon addresses registry.
2024-06-08T16:33:44.585+0530 [DEBUG] [org.gradle.cache.internal.DefaultFileLockManager] Releasing lock on daemon addresses registry.
2024-06-08T16:33:44.586+0530 [DEBUG] [org.gradle.launcher.daemon.server.DaemonStateCoordinator] resetting idle timer
2024-06-08T16:33:44.586+0530 [DEBUG] [org.gradle.launcher.daemon.server.DaemonStateCoordinator] daemon is running. Sleeping until state changes.
2024-06-08T16:33:44.587+0530 [INFO] [org.gradle.launcher.daemon.server.exec.StartBuildOrRespondWithBusy] Daemon is about to start building Build{id=b670f785-9d97-491d-a33e-7efd04e0914b, currentDir=E:\PLDD\LeafAI}. Dispatching build started information...
2024-06-08T16:33:44.587+0530 [DEBUG] [org.gradle.launcher.daemon.server.SynchronizedDispatchConnection] thread 22: dispatching org.gradle.launcher.daemon.protocol.BuildStarted@22d8f731
2024-06-08T16:33:44.589+0530 [DEBUG] [org.gradle.launcher.daemon.server.exec.EstablishBuildEnvironment] Configuring env variables: {USERDOMAIN_ROAMINGPROFILE=DESKTOP-A37S1EH, IGCCSVC_DB=AQAAANCMnd8BFdERjHoAwE/Cl+sBAAAAGvAV7aBH9UKiUw1ghPEqnAQAAAACAAAAAAAQZgAAAAEAACAAAAAolWeJIvBXMtJ6XQ+oFHm2B1e6R8/mAl+ZbMTG++TsAAAAAAAOgAAAAAIAACAAAABzFvws2Dhe+iv2GMa+Xog8loZ0zSe0x+Sn9UrUFvqLQ2AAAACT37L/OCupQkjwHPZpt2wMcBHKNJjzZ4vssRfpZomMto/yr2L9hyqDvtp+QUSWl50iBbK14TC3XLq8nAnK/GbnP0hy6hQiE76V1Zc73H1tcA6GAgh5LZFO2vpSoJNp7ExAAAAApVXHpxT1MIw7+Evmm8135ckwrru9NhEylx09BfUpc3Kz8ZsxoAiMfcFuQ11GyXBbVTUnfmHe7021clWLiYZ7AQ==, LOCALAPPDATA=C:\Users\SAMPADA\AppData\Local, PROCESSOR_LEVEL=6, USERDOMAIN=DESKTOP-A37S1EH, LOGONSERVER=\\DESKTOP-A37S1EH, SESSIONNAME=Console, ALLUSERSPROFILE=C:\ProgramData, PROCESSOR_ARCHITECTURE=AMD64, PSModulePath=C:\Program Files\WindowsPowerShell\Modules;C:\WINDOWS\system32\WindowsPowerShell\v1.0\Modules, SystemDrive=C:, OneDrive=C:\Users\SAMPADA\OneDrive, APPDATA=C:\Users\SAMPADA\AppData\Roaming, USERNAME=SAMPADA, ProgramFiles(x86)=C:\Program Files (x86), CommonProgramFiles=C:\Program Files\Common Files, Path=D:\software\Scripts\;D:\software\;C:\Windows\system32;C:\Windows;C:\Windows\System32\Wbem;C:\Windows\System32\WindowsPowerShell\v1.0\;C:\Windows\System32\OpenSSH\;C:\Program Files (x86)\NVIDIA Corporation\PhysX\Common;C:\Program Files\NVIDIA Corporation\NVIDIA NvDLISR;C:\Program Files\dotnet\;C:\MinGW\bin;C:\WINDOWS\system32;C:\WINDOWS;C:\WINDOWS\System32\Wbem;C:\WINDOWS\System32\WindowsPowerShell\v1.0\;C:\WINDOWS\System32\OpenSSH\;C:\Users\SAMPADA\AppData\Local\Programs\Python\Python311;C:\Users\SAMPADA\AppData\Local\Programs\Python\Python311\Scripts;E:\My Space\Software\Core Java\1JC - Software\jdk-17_windows-x64_bin\jdk-17.0.8\bin;E:\My Space\Software\Git\cmd;C:\Users\SAMPADA\AppData\Local\Microsoft\WindowsApps;C:\Users\SAMPADA\AppData\Local\Programs\Microsoft VS Code\bin;D:\cycharm software\PyCharm 2023.1\bin;;E:\My Space\Software\Core Java\1JC - Software\jdk-17_windows-x64_bin\jdk-17.0.8\bin;, PyCharm=D:\cycharm software\PyCharm 2023.1\bin;, PATHEXT=.COM;.EXE;.BAT;.CMD;.VBS;.VBE;.JS;.JSE;.WSF;.WSH;.MSC;.PY;.PYW, DriverData=C:\Windows\System32\Drivers\DriverData, OS=Windows_NT, OneDriveConsumer=C:\Users\SAMPADA\OneDrive, COMPUTERNAME=DESKTOP-A37S1EH, PROCESSOR_REVISION=9a04, CommonProgramW6432=C:\Program Files\Common Files, ComSpec=C:\WINDOWS\system32\cmd.exe, EFC_4548=1, ProgramData=C:\ProgramData, ProgramW6432=C:\Program Files, Git=E:\My Space\Software\Git, TEMP=C:\Users\SAMPADA\AppData\Local\Temp, HOMEPATH=\Users\SAMPADA, SystemRoot=C:\WINDOWS, PROCESSOR_IDENTIFIER=Intel64 Family 6 Model 154 Stepping 4, GenuineIntel, HOMEDRIVE=C:, USERPROFILE=C:\Users\SAMPADA, TMP=C:\Users\SAMPADA\AppData\Local\Temp, CommonProgramFiles(x86)=C:\Program Files (x86)\Common Files, ProgramFiles=C:\Program Files, PUBLIC=C:\Users\Public, windir=C:\WINDOWS, NUMBER_OF_PROCESSORS=12, =::=::\, IDEA_INITIAL_DIRECTORY=C:\ProgramData\Microsoft\Windows\Start Menu\Programs\Android Studio, ZES_ENABLE_SYSMAN=1}
2024-06-08T16:33:44.590+0530 [DEBUG] [org.gradle.launcher.daemon.server.SynchronizedDispatchConnection] thread 20: received class org.gradle.launcher.daemon.protocol.CloseInput
2024-06-08T16:33:44.591+0530 [DEBUG] [org.gradle.launcher.daemon.server.DefaultDaemonConnection] thread 20: Received IO message from client: org.gradle.launcher.daemon.protocol.CloseInput@353c0a5
2024-06-08T16:33:44.596+0530 [DEBUG] [org.gradle.launcher.daemon.server.exec.LogToClient] About to start relaying all logs to the client via the connection.
2024-06-08T16:33:44.596+0530 [INFO] [org.gradle.launcher.daemon.server.exec.LogToClient] The client will now receive all logging from the daemon (pid: 24612). The daemon log file: E:\final_Project\LeafAI\daemon\6.1.1\daemon-24612.out.log
2024-06-08T16:33:44.599+0530 [INFO] [org.gradle.launcher.daemon.server.exec.LogAndCheckHealth] Starting build in new daemon [memory: 1.6 GB]
2024-06-08T16:33:44.601+0530 [INFO] [org.gradle.launcher.daemon.server.exec.ForwardClientInput] Closing daemon's stdin at end of input.
2024-06-08T16:33:44.601+0530 [INFO] [org.gradle.launcher.daemon.server.exec.ForwardClientInput] The daemon will no longer process any standard input.
2024-06-08T16:33:44.609+0530 [DEBUG] [org.gradle.launcher.daemon.server.exec.ExecuteBuild] The daemon has started executing the build.
2024-06-08T16:33:44.609+0530 [DEBUG] [org.gradle.launcher.daemon.server.exec.ExecuteBuild] Executing build with daemon context: DefaultDaemonContext[uid=ad840dd9-70c7-49d7-bc01-c07c3ee56b43,javaHome=C:\Users\SAMPADA\.jdks\corretto-11.0.22,daemonRegistryDir=E:\final_Project\LeafAI\daemon,pid=24612,idleTimeout=10800000,priority=NORMAL,daemonOpts=--add-opens,java.base/java.util=ALL-UNNAMED,--add-opens,java.base/java.lang=ALL-UNNAMED,--add-opens,java.base/java.lang.invoke=ALL-UNNAMED,--add-opens,java.prefs/java.util.prefs=ALL-UNNAMED,-Xmx1536m,-Dfile.encoding=windows-1252,-Duser.country=IN,-Duser.language=en,-Duser.variant]
app: 'annotationProcessor' dependencies won't be recognized as kapt annotation processors. Please change the configuration name to 'kapt' for these artifacts: 'com.github.bumptech.glide:compiler:4.12.0'.
java.io.UncheckedIOException: java.nio.channels.FileLockInterruptionException
	at com.android.builder.utils.SynchronizedFile.doActionWithMultiProcessLocking(SynchronizedFile.java:270)
	at com.android.builder.utils.SynchronizedFile.read(SynchronizedFile.java:236)
	at com.android.builder.utils.FileCache.cacheEntryExists(FileCache.java:497)
	at com.android.build.gradle.internal.tasks.DexArchiveBuilderCacheHandler.getCachedVersionIfPresent(DexArchiveBuilderCacheHandler.java:143)
	at com.android.build.gradle.internal.tasks.DexArchiveBuilderCacheHandler.getCachedDexIfPresent(DexArchiveBuilderCacheHandler.java:107)
	at com.android.build.gradle.internal.tasks.DexArchiveBuilderTaskDelegate.convertJarToDexArchive(DexArchiveBuilderTaskDelegate.kt:623)
	at com.android.build.gradle.internal.tasks.DexArchiveBuilderTaskDelegate.processClassFromInput(DexArchiveBuilderTaskDelegate.kt:472)
	at com.android.build.gradle.internal.tasks.DexArchiveBuilderTaskDelegate.access$processClassFromInput(DexArchiveBuilderTaskDelegate.kt:69)
	at com.android.build.gradle.internal.tasks.DexArchiveBuilderTaskDelegate$doProcess$$inlined$use$lambda$1.invoke(DexArchiveBuilderTaskDelegate.kt:251)
	at com.android.build.gradle.internal.tasks.DexArchiveBuilderTaskDelegate$doProcess$$inlined$use$lambda$1.invoke(DexArchiveBuilderTaskDelegate.kt:69)
	at com.android.build.gradle.internal.tasks.DexArchiveBuilderTaskDelegate.doProcess(DexArchiveBuilderTaskDelegate.kt:314)
	at com.android.build.gradle.internal.tasks.DexArchiveBuilderTask.doTaskAction(DexArchiveBuilderTask.kt:192)
	at com.android.build.gradle.internal.tasks.NewIncrementalTask$taskAction$$inlined$recordTaskAction$1.invoke(AndroidVariantTask.kt:73)
	at com.android.build.gradle.internal.tasks.NewIncrementalTask$taskAction$$inlined$recordTaskAction$1.invoke(AndroidVariantTask.kt:34)
	at com.android.build.gradle.internal.tasks.Blocks.recordSpan(Blocks.java:91)
	at com.android.build.gradle.internal.tasks.NewIncrementalTask.taskAction(NewIncrementalTask.kt:34)
	at java.base/jdk.internal.reflect.NativeMethodAccessorImpl.invoke0(Native Method)
	at java.base/jdk.internal.reflect.NativeMethodAccessorImpl.invoke(NativeMethodAccessorImpl.java:62)
	at java.base/jdk.internal.reflect.DelegatingMethodAccessorImpl.invoke(DelegatingMethodAccessorImpl.java:43)
	at java.base/java.lang.reflect.Method.invoke(Method.java:566)
	at org.gradle.internal.reflect.JavaMethod.invoke(JavaMethod.java:104)
	at org.gradle.api.internal.project.taskfactory.IncrementalInputsTaskAction.doExecute(IncrementalInputsTaskAction.java:32)
	at org.gradle.api.internal.project.taskfactory.StandardTaskAction.execute(StandardTaskAction.java:42)
	at org.gradle.api.internal.project.taskfactory.AbstractIncrementalTaskAction.execute(AbstractIncrementalTaskAction.java:25)
	at org.gradle.api.internal.project.taskfactory.StandardTaskAction.execute(StandardTaskAction.java:28)
	at org.gradle.api.internal.tasks.execution.ExecuteActionsTaskExecuter$3.run(ExecuteActionsTaskExecuter.java:568)
	at org.gradle.internal.operations.DefaultBuildOperationExecutor$RunnableBuildOperationWorker.execute(DefaultBuildOperationExecutor.java:402)
	at org.gradle.internal.operations.DefaultBuildOperationExecutor$RunnableBuildOperationWorker.execute(DefaultBuildOperationExecutor.java:394)
	at org.gradle.internal.operations.DefaultBuildOperationExecutor$1.execute(DefaultBuildOperationExecutor.java:165)
	at org.gradle.internal.operations.DefaultBuildOperationExecutor.execute(DefaultBuildOperationExecutor.java:250)
	at org.gradle.internal.operations.DefaultBuildOperationExecutor.execute(DefaultBuildOperationExecutor.java:158)
	at org.gradle.internal.operations.DefaultBuildOperationExecutor.run(DefaultBuildOperationExecutor.java:92)
	at org.gradle.internal.operations.DelegatingBuildOperationExecutor.run(DelegatingBuildOperationExecutor.java:31)
	at org.gradle.api.internal.tasks.execution.ExecuteActionsTaskExecuter.executeAction(ExecuteActionsTaskExecuter.java:553)
	at org.gradle.api.internal.tasks.execution.ExecuteActionsTaskExecuter.executeActions(ExecuteActionsTaskExecuter.java:536)
	at org.gradle.api.internal.tasks.execution.ExecuteActionsTaskExecuter.access$300(ExecuteActionsTaskExecuter.java:109)
	at org.gradle.api.internal.tasks.execution.ExecuteActionsTaskExecuter$TaskExecution.executeWithPreviousOutputFiles(ExecuteActionsTaskExecuter.java:276)
	at org.gradle.api.internal.tasks.execution.ExecuteActionsTaskExecuter$TaskExecution.execute(ExecuteActionsTaskExecuter.java:265)
	at org.gradle.internal.execution.steps.ExecuteStep.lambda$execute$0(ExecuteStep.java:32)
	at java.base/java.util.Optional.map(Optional.java:265)
	at org.gradle.internal.execution.steps.ExecuteStep.execute(ExecuteStep.java:32)
	at org.gradle.internal.execution.steps.ExecuteStep.execute(ExecuteStep.java:26)
	at org.gradle.internal.execution.steps.CleanupOutputsStep.execute(CleanupOutputsStep.java:63)
	at org.gradle.internal.execution.steps.CleanupOutputsStep.execute(CleanupOutputsStep.java:35)
	at org.gradle.internal.execution.steps.ResolveInputChangesStep.execute(ResolveInputChangesStep.java:49)
	at org.gradle.internal.execution.steps.ResolveInputChangesStep.execute(ResolveInputChangesStep.java:34)
	at org.gradle.internal.execution.steps.CancelExecutionStep.execute(CancelExecutionStep.java:43)
	at org.gradle.internal.execution.steps.TimeoutStep.executeWithoutTimeout(TimeoutStep.java:73)
	at org.gradle.internal.execution.steps.TimeoutStep.execute(TimeoutStep.java:54)
	at org.gradle.internal.execution.steps.CatchExceptionStep.execute(CatchExceptionStep.java:34)
	at org.gradle.internal.execution.steps.CreateOutputsStep.execute(CreateOutputsStep.java:44)
	at org.gradle.internal.execution.steps.SnapshotOutputsStep.execute(SnapshotOutputsStep.java:54)
	at org.gradle.internal.execution.steps.SnapshotOutputsStep.execute(SnapshotOutputsStep.java:38)
	at org.gradle.internal.execution.steps.BroadcastChangingOutputsStep.execute(BroadcastChangingOutputsStep.java:49)
	at org.gradle.internal.execution.steps.CacheStep.executeWithoutCache(CacheStep.java:153)
	at org.gradle.internal.execution.steps.CacheStep.execute(CacheStep.java:67)
	at org.gradle.internal.execution.steps.CacheStep.execute(CacheStep.java:41)
	at org.gradle.internal.execution.steps.StoreExecutionStateStep.execute(StoreExecutionStateStep.java:44)
	at org.gradle.internal.execution.steps.StoreExecutionStateStep.execute(StoreExecutionStateStep.java:33)
	at org.gradle.internal.execution.steps.RecordOutputsStep.execute(RecordOutputsStep.java:38)
	at org.gradle.internal.execution.steps.RecordOutputsStep.execute(RecordOutputsStep.java:24)
	at org.gradle.internal.execution.steps.SkipUpToDateStep.executeBecause(SkipUpToDateStep.java:92)
	at org.gradle.internal.execution.steps.SkipUpToDateStep.lambda$execute$0(SkipUpToDateStep.java:85)
	at java.base/java.util.Optional.map(Optional.java:265)
	at org.gradle.internal.execution.steps.SkipUpToDateStep.execute(SkipUpToDateStep.java:55)
	at org.gradle.internal.execution.steps.SkipUpToDateStep.execute(SkipUpToDateStep.java:39)
	at org.gradle.internal.execution.steps.ResolveChangesStep.execute(ResolveChangesStep.java:76)
	at org.gradle.internal.execution.steps.ResolveChangesStep.execute(ResolveChangesStep.java:37)
	at org.gradle.internal.execution.steps.legacy.MarkSnapshottingInputsFinishedStep.execute(MarkSnapshottingInputsFinishedStep.java:36)
	at org.gradle.internal.execution.steps.legacy.MarkSnapshottingInputsFinishedStep.execute(MarkSnapshottingInputsFinishedStep.java:26)
	at org.gradle.internal.execution.steps.ResolveCachingStateStep.execute(ResolveCachingStateStep.java:94)
	at org.gradle.internal.execution.steps.ResolveCachingStateStep.execute(ResolveCachingStateStep.java:49)
	at org.gradle.internal.execution.steps.CaptureStateBeforeExecutionStep.execute(CaptureStateBeforeExecutionStep.java:79)
	at org.gradle.internal.execution.steps.CaptureStateBeforeExecutionStep.execute(CaptureStateBeforeExecutionStep.java:53)
	at org.gradle.internal.execution.steps.ValidateStep.execute(ValidateStep.java:74)
	at org.gradle.internal.execution.steps.SkipEmptyWorkStep.lambda$execute$2(SkipEmptyWorkStep.java:78)
	at java.base/java.util.Optional.orElseGet(Optional.java:369)
	at org.gradle.internal.execution.steps.SkipEmptyWorkStep.execute(SkipEmptyWorkStep.java:78)
	at org.gradle.internal.execution.steps.SkipEmptyWorkStep.execute(SkipEmptyWorkStep.java:34)
	at org.gradle.internal.execution.steps.legacy.MarkSnapshottingInputsStartedStep.execute(MarkSnapshottingInputsStartedStep.java:39)
	at org.gradle.internal.execution.steps.LoadExecutionStateStep.execute(LoadExecutionStateStep.java:40)
	at org.gradle.internal.execution.steps.LoadExecutionStateStep.execute(LoadExecutionStateStep.java:28)
	at org.gradle.internal.execution.impl.DefaultWorkExecutor.execute(DefaultWorkExecutor.java:33)
	at org.gradle.api.internal.tasks.execution.ExecuteActionsTaskExecuter.executeIfValid(ExecuteActionsTaskExecuter.java:192)
	at org.gradle.api.internal.tasks.execution.ExecuteActionsTaskExecuter.execute(ExecuteActionsTaskExecuter.java:184)
	at org.gradle.api.internal.tasks.execution.CleanupStaleOutputsExecuter.execute(CleanupStaleOutputsExecuter.java:109)
	at org.gradle.api.internal.tasks.execution.FinalizePropertiesTaskExecuter.execute(FinalizePropertiesTaskExecuter.java:46)
	at org.gradle.api.internal.tasks.execution.ResolveTaskExecutionModeExecuter.execute(ResolveTaskExecutionModeExecuter.java:62)
	at org.gradle.api.internal.tasks.execution.SkipTaskWithNoActionsExecuter.execute(SkipTaskWithNoActionsExecuter.java:57)
	at org.gradle.api.internal.tasks.execution.SkipOnlyIfTaskExecuter.execute(SkipOnlyIfTaskExecuter.java:56)
	at org.gradle.api.internal.tasks.execution.CatchExceptionTaskExecuter.execute(CatchExceptionTaskExecuter.java:36)
	at org.gradle.api.internal.tasks.execution.EventFiringTaskExecuter$1.executeTask(EventFiringTaskExecuter.java:77)
	at org.gradle.api.internal.tasks.execution.EventFiringTaskExecuter$1.call(EventFiringTaskExecuter.java:55)
	at org.gradle.api.internal.tasks.execution.EventFiringTaskExecuter$1.call(EventFiringTaskExecuter.java:52)
	at org.gradle.internal.operations.DefaultBuildOperationExecutor$CallableBuildOperationWorker.execute(DefaultBuildOperationExecutor.java:416)
	at org.gradle.internal.operations.DefaultBuildOperationExecutor$CallableBuildOperationWorker.execute(DefaultBuildOperationExecutor.java:406)
	at org.gradle.internal.operations.DefaultBuildOperationExecutor$1.execute(DefaultBuildOperationExecutor.java:165)
	at org.gradle.internal.operations.DefaultBuildOperationExecutor.execute(DefaultBuildOperationExecutor.java:250)
	at org.gradle.internal.operations.DefaultBuildOperationExecutor.execute(DefaultBuildOperationExecutor.java:158)
	at org.gradle.internal.operations.DefaultBuildOperationExecutor.call(DefaultBuildOperationExecutor.java:102)
	at org.gradle.internal.operations.DelegatingBuildOperationExecutor.call(DelegatingBuildOperationExecutor.java:36)
	at org.gradle.api.internal.tasks.execution.EventFiringTaskExecuter.execute(EventFiringTaskExecuter.java:52)
	at org.gradle.execution.plan.LocalTaskNodeExecutor.execute(LocalTaskNodeExecutor.java:41)
	at org.gradle.execution.taskgraph.DefaultTaskExecutionGraph$InvokeNodeExecutorsAction.execute(DefaultTaskExecutionGraph.java:372)
	at org.gradle.execution.taskgraph.DefaultTaskExecutionGraph$InvokeNodeExecutorsAction.execute(DefaultTaskExecutionGraph.java:359)
	at org.gradle.execution.taskgraph.DefaultTaskExecutionGraph$BuildOperationAwareExecutionAction.execute(DefaultTaskExecutionGraph.java:352)
	at org.gradle.execution.taskgraph.DefaultTaskExecutionGraph$BuildOperationAwareExecutionAction.execute(DefaultTaskExecutionGraph.java:338)
	at org.gradle.execution.plan.DefaultPlanExecutor$ExecutorWorker.lambda$run$0(DefaultPlanExecutor.java:127)
	at org.gradle.execution.plan.DefaultPlanExecutor$ExecutorWorker.execute(DefaultPlanExecutor.java:191)
	at org.gradle.execution.plan.DefaultPlanExecutor$ExecutorWorker.executeNextNode(DefaultPlanExecutor.java:182)
	at org.gradle.execution.plan.DefaultPlanExecutor$ExecutorWorker.run(DefaultPlanExecutor.java:124)
	at org.gradle.internal.concurrent.ExecutorPolicy$CatchAndRecordFailures.onExecute(ExecutorPolicy.java:64)
	at org.gradle.internal.concurrent.ManagedExecutorImpl$1.run(ManagedExecutorImpl.java:48)
	at java.base/java.util.concurrent.ThreadPoolExecutor.runWorker(ThreadPoolExecutor.java:1128)
	at java.base/java.util.concurrent.ThreadPoolExecutor$Worker.run(ThreadPoolExecutor.java:628)
	at org.gradle.internal.concurrent.ThreadFactoryImpl$ManagedThreadRunnable.run(ThreadFactoryImpl.java:56)
	at java.base/java.lang.Thread.run(Thread.java:829)
Caused by: java.nio.channels.FileLockInterruptionException
	at java.base/sun.nio.ch.FileChannelImpl.lock(FileChannelImpl.java:1138)
	at com.android.utils.concurrency.ReadWriteProcessLock.acquireFileLock(ReadWriteProcessLock.java:478)
	at com.android.utils.concurrency.ReadWriteProcessLock.acquireInterProcessLock(ReadWriteProcessLock.java:367)
	at com.android.utils.concurrency.ReadWriteProcessLock.acquireLock(ReadWriteProcessLock.java:292)
	at com.android.utils.concurrency.ReadWriteProcessLock.access$200(ReadWriteProcessLock.java:92)
	at com.android.utils.concurrency.ReadWriteProcessLock$ReadLock.lock(ReadWriteProcessLock.java:625)
	at com.android.builder.utils.SynchronizedFile.doActionWithMultiProcessLocking(SynchronizedFile.java:268)
	... 116 more

AGPBI: {"kind":"error","text":"zip file closed\r\nStack trace:\r\ncom.android.tools.r8.errors.a: zip file closed\r\n\tat com.android.tools.r8.ir.conversion.O.b(:57)\r\n\tat com.android.tools.r8.ir.conversion.O.a(:104)\r\n\tat com.android.tools.r8.ir.conversion.O.a(:53)\r\n\tat com.android.tools.r8.graph.C.b(:43)\r\n\tat com.android.tools.r8.ir.conversion.O.b(:35)\r\n\tat com.android.tools.r8.utils.U0.a(:10)\r\n\tat com.google.common.util.concurrent.TrustedListenableFutureTask$TrustedFutureInterruptibleTask.runInterruptibly(TrustedListenableFutureTask.java:125)\r\n\tat com.google.common.util.concurrent.InterruptibleTask.run(InterruptibleTask.java:69)\r\n\tat com.google.common.util.concurrent.TrustedListenableFutureTask.run(TrustedListenableFutureTask.java:78)\r\n\tat com.google.common.util.concurrent.MoreExecutors$DirectExecutorService.execute(MoreExecutors.java:322)\r\n\tat java.base/java.util.concurrent.AbstractExecutorService.submit(AbstractExecutorService.java:140)\r\n\tat com.google.common.util.concurrent.AbstractListeningExecutorService.submit(AbstractListeningExecutorService.java:66)\r\n\tat com.google.common.util.concurrent.AbstractListeningExecutorService.submit(AbstractListeningExecutorService.java:36)\r\n\tat com.android.tools.r8.utils.U0.a(:3)\r\n\tat com.android.tools.r8.ir.conversion.O.a(:10)\r\n\tat com.android.tools.r8.D8.d(:29)\r\n\tat com.android.tools.r8.D8.b(:1)\r\n\tat com.android.tools.r8.utils.W.a(:30)\r\n\tat com.android.tools.r8.D8.run(:11)\r\n\tat com.android.builder.dexing.D8DexArchiveBuilder.convert(D8DexArchiveBuilder.java:116)\r\n\tat com.android.build.gradle.internal.dexing.DexWorkActionKt.process(DexWorkAction.kt:194)\r\n\tat com.android.build.gradle.internal.dexing.DexWorkActionKt.processNonIncrementally(DexWorkAction.kt:164)\r\n\tat com.android.build.gradle.internal.dexing.DexWorkActionKt.launchProcessing(DexWorkAction.kt:91)\r\n\tat com.android.build.gradle.internal.dexing.DexWorkAction.run(DexWorkAction.kt:49)\r\n\tat org.gradle.workers.internal.AdapterWorkAction.execute(AdapterWorkAction.java:50)\r\n\tat org.gradle.workers.internal.DefaultWorkerServer.execute(DefaultWorkerServer.java:50)\r\n\tat org.gradle.workers.internal.NoIsolationWorkerFactory$1$1.create(NoIsolationWorkerFactory.java:63)\r\n\tat org.gradle.workers.internal.NoIsolationWorkerFactory$1$1.create(NoIsolationWorkerFactory.java:59)\r\n\tat org.gradle.internal.classloader.ClassLoaderUtils.executeInClassloader(ClassLoaderUtils.java:98)\r\n\tat org.gradle.workers.internal.NoIsolationWorkerFactory$1.lambda$execute$0(NoIsolationWorkerFactory.java:59)\r\n\tat org.gradle.workers.internal.AbstractWorker$1.call(AbstractWorker.java:44)\r\n\tat org.gradle.workers.internal.AbstractWorker$1.call(AbstractWorker.java:41)\r\n\tat org.gradle.internal.operations.DefaultBuildOperationExecutor$CallableBuildOperationWorker.execute(DefaultBuildOperationExecutor.java:416)\r\n\tat org.gradle.internal.operations.DefaultBuildOperationExecutor$CallableBuildOperationWorker.execute(DefaultBuildOperationExecutor.java:406)\r\n\tat org.gradle.internal.operations.DefaultBuildOperationExecutor$1.execute(DefaultBuildOperationExecutor.java:165)\r\n\tat org.gradle.internal.operations.DefaultBuildOperationExecutor.execute(DefaultBuildOperationExecutor.java:250)\r\n\tat org.gradle.internal.operations.DefaultBuildOperationExecutor.execute(DefaultBuildOperationExecutor.java:158)\r\n\tat org.gradle.internal.operations.DefaultBuildOperationExecutor.call(DefaultBuildOperationExecutor.java:102)\r\n\tat org.gradle.internal.operations.DelegatingBuildOperationExecutor.call(DelegatingBuildOperationExecutor.java:36)\r\n\tat org.gradle.workers.internal.AbstractWorker.executeWrappedInBuildOperation(AbstractWorker.java:41)\r\n\tat org.gradle.workers.internal.NoIsolationWorkerFactory$1.execute(NoIsolationWorkerFactory.java:53)\r\n\tat org.gradle.workers.internal.DefaultWorkerExecutor.lambda$submitWork$2(DefaultWorkerExecutor.java:200)\r\n\tat java.base/java.util.concurrent.FutureTask.run(FutureTask.java:264)\r\n\tat org.gradle.internal.work.DefaultConditionalExecutionQueue$ExecutionRunner.runExecution(DefaultConditionalExecutionQueue.java:215)\r\n\tat org.gradle.internal.work.DefaultConditionalExecutionQueue$ExecutionRunner.runBatch(DefaultConditionalExecutionQueue.java:164)\r\n\tat org.gradle.internal.work.DefaultConditionalExecutionQueue$ExecutionRunner.run(DefaultConditionalExecutionQueue.java:131)\r\n\tat java.base/java.util.concurrent.Executors$RunnableAdapter.call(Executors.java:515)\r\n\tat java.base/java.util.concurrent.FutureTask.run(FutureTask.java:264)\r\n\tat org.gradle.internal.concurrent.ExecutorPolicy$CatchAndRecordFailures.onExecute(ExecutorPolicy.java:64)\r\n\tat org.gradle.internal.concurrent.ManagedExecutorImpl$1.run(ManagedExecutorImpl.java:48)\r\n\tat java.base/java.util.concurrent.ThreadPoolExecutor.runWorker(ThreadPoolExecutor.java:1128)\r\n\tat java.base/java.util.concurrent.ThreadPoolExecutor$Worker.run(ThreadPoolExecutor.java:628)\r\n\tat org.gradle.internal.concurrent.ThreadFactoryImpl$ManagedThreadRunnable.run(ThreadFactoryImpl.java:56)\r\n\tat java.base/java.lang.Thread.run(Thread.java:829)\r\n\tSuppressed: java.util.concurrent.ExecutionException: com.android.tools.r8.errors.a: zip file closed\r\n\t\tat com.google.common.util.concurrent.AbstractFuture.getDoneValue(AbstractFuture.java:552)\r\n\t\tat com.google.common.util.concurrent.AbstractFuture.get(AbstractFuture.java:513)\r\n\t\tat com.google.common.util.concurrent.FluentFuture$TrustedFuture.get(FluentFuture.java:86)\r\n\t\tat com.android.tools.r8.utils.U0.a(:14)\r\n\t\tat com.android.tools.r8.utils.U0.a(:9)\r\n\t\t... 40 more\r\n\tCaused by: [CIRCULAR REFERENCE: com.android.tools.r8.errors.a: zip file closed]\r\nCaused by: java.lang.IllegalStateException: zip file closed\r\n\tat java.base/java.util.zip.ZipFile.ensureOpen(ZipFile.java:930)\r\n\tat java.base/java.util.zip.ZipFile.getEntry(ZipFile.java:357)\r\n\tat java.base/java.util.zip.ZipFile.getEntry(ZipFile.java:341)\r\n\tat com.android.tools.r8.ArchiveClassFileProvider.getProgramResource(:2)\r\n\tat com.android.builder.dexing.r8.CachingArchiveClassFileProvider.lambda$getProgramResource$0(CachingArchiveClassFileProvider.java:38)\r\n\tat java.base/java.util.concurrent.ConcurrentHashMap.computeIfAbsent(ConcurrentHashMap.java:1705)\r\n\tat com.android.builder.dexing.r8.CachingArchiveClassFileProvider.getProgramResource(CachingArchiveClassFileProvider.java:38)\r\n\tat com.android.builder.dexing.r8.ClassFileProviderFactory$OrderedClassFileResourceProvider.getProgramResource(ClassFileProviderFactory.java:78)\r\n\tat com.android.tools.r8.utils.J.a(:2)\r\n\tat com.android.tools.r8.utils.G.a(:8)\r\n\tat com.android.tools.r8.utils.G.get(:1)\r\n\tat com.android.tools.r8.utils.H.a(:28)\r\n\tat com.android.tools.r8.graph.D0.definitionFor(:16)\r\n\tat com.android.tools.r8.graph.c.definitionFor(:16)\r\n\tat com.android.tools.r8.u.c.p.a(:55)\r\n\tat com.android.tools.r8.ir.conversion.O.a(:672)\r\n\tat com.android.tools.r8.ir.conversion.O.a(:417)\r\n\tat com.android.tools.r8.ir.conversion.O.b(:53)\r\n\t... 53 more\r\n","sources":[{"file":"E:\\final_Project\\LeafAI\\caches\\transforms-2\\files-2.1\\51cd633fa8d1d0f9e9f2004a657f0618\\jetified-lifecycle-livedata-ktx-2.2.0-runtime.jar"}],"tool":"D8"}
AGPBI: {"kind":"error","text":"zip file closed\r\nStack trace:\r\ncom.android.tools.r8.errors.a: zip file closed\r\n\tat com.android.tools.r8.ir.conversion.O.b(:57)\r\n\tat com.android.tools.r8.ir.conversion.O.a(:104)\r\n\tat com.android.tools.r8.ir.conversion.O.a(:53)\r\n\tat com.android.tools.r8.graph.C.b(:43)\r\n\tat com.android.tools.r8.ir.conversion.O.b(:35)\r\n\tat com.android.tools.r8.utils.U0.a(:10)\r\n\tat com.google.common.util.concurrent.TrustedListenableFutureTask$TrustedFutureInterruptibleTask.runInterruptibly(TrustedListenableFutureTask.java:125)\r\n\tat com.google.common.util.concurrent.InterruptibleTask.run(InterruptibleTask.java:69)\r\n\tat com.google.common.util.concurrent.TrustedListenableFutureTask.run(TrustedListenableFutureTask.java:78)\r\n\tat com.google.common.util.concurrent.MoreExecutors$DirectExecutorService.execute(MoreExecutors.java:322)\r\n\tat java.base/java.util.concurrent.AbstractExecutorService.submit(AbstractExecutorService.java:140)\r\n\tat com.google.common.util.concurrent.AbstractListeningExecutorService.submit(AbstractListeningExecutorService.java:66)\r\n\tat com.google.common.util.concurrent.AbstractListeningExecutorService.submit(AbstractListeningExecutorService.java:36)\r\n\tat com.android.tools.r8.utils.U0.a(:3)\r\n\tat com.android.tools.r8.ir.conversion.O.a(:10)\r\n\tat com.android.tools.r8.D8.d(:29)\r\n\tat com.android.tools.r8.D8.b(:1)\r\n\tat com.android.tools.r8.utils.W.a(:30)\r\n\tat com.android.tools.r8.D8.run(:11)\r\n\tat com.android.builder.dexing.D8DexArchiveBuilder.convert(D8DexArchiveBuilder.java:116)\r\n\tat com.android.build.gradle.internal.dexing.DexWorkActionKt.process(DexWorkAction.kt:194)\r\n\tat com.android.build.gradle.internal.dexing.DexWorkActionKt.processNonIncrementally(DexWorkAction.kt:164)\r\n\tat com.android.build.gradle.internal.dexing.DexWorkActionKt.launchProcessing(DexWorkAction.kt:91)\r\n\tat com.android.build.gradle.internal.dexing.DexWorkAction.run(DexWorkAction.kt:49)\r\n\tat org.gradle.workers.internal.AdapterWorkAction.execute(AdapterWorkAction.java:50)\r\n\tat org.gradle.workers.internal.DefaultWorkerServer.execute(DefaultWorkerServer.java:50)\r\n\tat org.gradle.workers.internal.NoIsolationWorkerFactory$1$1.create(NoIsolationWorkerFactory.java:63)\r\n\tat org.gradle.workers.internal.NoIsolationWorkerFactory$1$1.create(NoIsolationWorkerFactory.java:59)\r\n\tat org.gradle.internal.classloader.ClassLoaderUtils.executeInClassloader(ClassLoaderUtils.java:98)\r\n\tat org.gradle.workers.internal.NoIsolationWorkerFactory$1.lambda$execute$0(NoIsolationWorkerFactory.java:59)\r\n\tat org.gradle.workers.internal.AbstractWorker$1.call(AbstractWorker.java:44)\r\n\tat org.gradle.workers.internal.AbstractWorker$1.call(AbstractWorker.java:41)\r\n\tat org.gradle.internal.operations.DefaultBuildOperationExecutor$CallableBuildOperationWorker.execute(DefaultBuildOperationExecutor.java:416)\r\n\tat org.gradle.internal.operations.DefaultBuildOperationExecutor$CallableBuildOperationWorker.execute(DefaultBuildOperationExecutor.java:406)\r\n\tat org.gradle.internal.operations.DefaultBuildOperationExecutor$1.execute(DefaultBuildOperationExecutor.java:165)\r\n\tat org.gradle.internal.operations.DefaultBuildOperationExecutor.execute(DefaultBuildOperationExecutor.java:250)\r\n\tat org.gradle.internal.operations.DefaultBuildOperationExecutor.execute(DefaultBuildOperationExecutor.java:158)\r\n\tat org.gradle.internal.operations.DefaultBuildOperationExecutor.call(DefaultBuildOperationExecutor.java:102)\r\n\tat org.gradle.internal.operations.DelegatingBuildOperationExecutor.call(DelegatingBuildOperationExecutor.java:36)\r\n\tat org.gradle.workers.internal.AbstractWorker.executeWrappedInBuildOperation(AbstractWorker.java:41)\r\n\tat org.gradle.workers.internal.NoIsolationWorkerFactory$1.execute(NoIsolationWorkerFactory.java:53)\r\n\tat org.gradle.workers.internal.DefaultWorkerExecutor.lambda$submitWork$2(DefaultWorkerExecutor.java:200)\r\n\tat java.base/java.util.concurrent.FutureTask.run(FutureTask.java:264)\r\n\tat org.gradle.internal.work.DefaultConditionalExecutionQueue$ExecutionRunner.runExecution(DefaultConditionalExecutionQueue.java:215)\r\n\tat org.gradle.internal.work.DefaultConditionalExecutionQueue$ExecutionRunner.runBatch(DefaultConditionalExecutionQueue.java:164)\r\n\tat org.gradle.internal.work.DefaultConditionalExecutionQueue$ExecutionRunner.run(DefaultConditionalExecutionQueue.java:131)\r\n\tat java.base/java.util.concurrent.Executors$RunnableAdapter.call(Executors.java:515)\r\n\tat java.base/java.util.concurrent.FutureTask.run(FutureTask.java:264)\r\n\tat org.gradle.internal.concurrent.ExecutorPolicy$CatchAndRecordFailures.onExecute(ExecutorPolicy.java:64)\r\n\tat org.gradle.internal.concurrent.ManagedExecutorImpl$1.run(ManagedExecutorImpl.java:48)\r\n\tat java.base/java.util.concurrent.ThreadPoolExecutor.runWorker(ThreadPoolExecutor.java:1128)\r\n\tat java.base/java.util.concurrent.ThreadPoolExecutor$Worker.run(ThreadPoolExecutor.java:628)\r\n\tat org.gradle.internal.concurrent.ThreadFactoryImpl$ManagedThreadRunnable.run(ThreadFactoryImpl.java:56)\r\n\tat java.base/java.lang.Thread.run(Thread.java:829)\r\n\tSuppressed: java.util.concurrent.ExecutionException: com.android.tools.r8.errors.a: zip file closed\r\n\t\tat com.google.common.util.concurrent.AbstractFuture.getDoneValue(AbstractFuture.java:552)\r\n\t\tat com.google.common.util.concurrent.AbstractFuture.get(AbstractFuture.java:513)\r\n\t\tat com.google.common.util.concurrent.FluentFuture$TrustedFuture.get(FluentFuture.java:86)\r\n\t\tat com.android.tools.r8.utils.U0.a(:14)\r\n\t\tat com.android.tools.r8.utils.U0.a(:9)\r\n\t\t... 40 more\r\n\tCaused by: [CIRCULAR REFERENCE: com.android.tools.r8.errors.a: zip file closed]\r\nCaused by: java.lang.IllegalStateException: zip file closed\r\n\tat java.base/java.util.zip.ZipFile.ensureOpen(ZipFile.java:930)\r\n\tat java.base/java.util.zip.ZipFile.getEntry(ZipFile.java:357)\r\n\tat java.base/java.util.zip.ZipFile.getEntry(ZipFile.java:341)\r\n\tat com.android.tools.r8.ArchiveClassFileProvider.getProgramResource(:2)\r\n\tat com.android.builder.dexing.r8.CachingArchiveClassFileProvider.lambda$getProgramResource$0(CachingArchiveClassFileProvider.java:38)\r\n\tat java.base/java.util.concurrent.ConcurrentHashMap.computeIfAbsent(ConcurrentHashMap.java:1737)\r\n\tat com.android.builder.dexing.r8.CachingArchiveClassFileProvider.getProgramResource(CachingArchiveClassFileProvider.java:38)\r\n\tat com.android.builder.dexing.r8.ClassFileProviderFactory$OrderedClassFileResourceProvider.getProgramResource(ClassFileProviderFactory.java:78)\r\n\tat com.android.tools.r8.utils.J.a(:2)\r\n\tat com.android.tools.r8.utils.G.a(:8)\r\n\tat com.android.tools.r8.utils.G.get(:1)\r\n\tat com.android.tools.r8.utils.H.a(:28)\r\n\tat com.android.tools.r8.graph.D0.definitionFor(:16)\r\n\tat com.android.tools.r8.graph.c.definitionFor(:16)\r\n\tat com.android.tools.r8.graph.f0.a(:18)\r\n\tat com.android.tools.r8.ir.optimize.d0.b(:79)\r\n\tat com.android.tools.r8.ir.conversion.O.a(:587)\r\n\tat com.android.tools.r8.ir.conversion.O.a(:417)\r\n\tat com.android.tools.r8.ir.conversion.O.b(:53)\r\n\t... 53 more\r\n","sources":[{"file":"E:\\final_Project\\LeafAI\\caches\\transforms-2\\files-2.1\\1218d8beef6c0c9f85631d292738e42d\\appcompat-1.3.1-runtime.jar"}],"tool":"D8"}
AGPBI: {"kind":"error","text":"zip file closed\r\nStack trace:\r\ncom.android.tools.r8.errors.a: zip file closed\r\n\tat com.android.tools.r8.ir.conversion.O.b(:57)\r\n\tat com.android.tools.r8.ir.conversion.O.a(:104)\r\n\tat com.android.tools.r8.ir.conversion.O.a(:53)\r\n\tat com.android.tools.r8.graph.C.b(:43)\r\n\tat com.android.tools.r8.ir.conversion.O.b(:35)\r\n\tat com.android.tools.r8.utils.U0.a(:10)\r\n\tat com.google.common.util.concurrent.TrustedListenableFutureTask$TrustedFutureInterruptibleTask.runInterruptibly(TrustedListenableFutureTask.java:125)\r\n\tat com.google.common.util.concurrent.InterruptibleTask.run(InterruptibleTask.java:69)\r\n\tat com.google.common.util.concurrent.TrustedListenableFutureTask.run(TrustedListenableFutureTask.java:78)\r\n\tat com.google.common.util.concurrent.MoreExecutors$DirectExecutorService.execute(MoreExecutors.java:322)\r\n\tat java.base/java.util.concurrent.AbstractExecutorService.submit(AbstractExecutorService.java:140)\r\n\tat com.google.common.util.concurrent.AbstractListeningExecutorService.submit(AbstractListeningExecutorService.java:66)\r\n\tat com.google.common.util.concurrent.AbstractListeningExecutorService.submit(AbstractListeningExecutorService.java:36)\r\n\tat com.android.tools.r8.utils.U0.a(:3)\r\n\tat com.android.tools.r8.ir.conversion.O.a(:10)\r\n\tat com.android.tools.r8.D8.d(:29)\r\n\tat com.android.tools.r8.D8.b(:1)\r\n\tat com.android.tools.r8.utils.W.a(:30)\r\n\tat com.android.tools.r8.D8.run(:11)\r\n\tat com.android.builder.dexing.D8DexArchiveBuilder.convert(D8DexArchiveBuilder.java:116)\r\n\tat com.android.build.gradle.internal.dexing.DexWorkActionKt.process(DexWorkAction.kt:194)\r\n\tat com.android.build.gradle.internal.dexing.DexWorkActionKt.processNonIncrementally(DexWorkAction.kt:164)\r\n\tat com.android.build.gradle.internal.dexing.DexWorkActionKt.launchProcessing(DexWorkAction.kt:91)\r\n\tat com.android.build.gradle.internal.dexing.DexWorkAction.run(DexWorkAction.kt:49)\r\n\tat org.gradle.workers.internal.AdapterWorkAction.execute(AdapterWorkAction.java:50)\r\n\tat org.gradle.workers.internal.DefaultWorkerServer.execute(DefaultWorkerServer.java:50)\r\n\tat org.gradle.workers.internal.NoIsolationWorkerFactory$1$1.create(NoIsolationWorkerFactory.java:63)\r\n\tat org.gradle.workers.internal.NoIsolationWorkerFactory$1$1.create(NoIsolationWorkerFactory.java:59)\r\n\tat org.gradle.internal.classloader.ClassLoaderUtils.executeInClassloader(ClassLoaderUtils.java:98)\r\n\tat org.gradle.workers.internal.NoIsolationWorkerFactory$1.lambda$execute$0(NoIsolationWorkerFactory.java:59)\r\n\tat org.gradle.workers.internal.AbstractWorker$1.call(AbstractWorker.java:44)\r\n\tat org.gradle.workers.internal.AbstractWorker$1.call(AbstractWorker.java:41)\r\n\tat org.gradle.internal.operations.DefaultBuildOperationExecutor$CallableBuildOperationWorker.execute(DefaultBuildOperationExecutor.java:416)\r\n\tat org.gradle.internal.operations.DefaultBuildOperationExecutor$CallableBuildOperationWorker.execute(DefaultBuildOperationExecutor.java:406)\r\n\tat org.gradle.internal.operations.DefaultBuildOperationExecutor$1.execute(DefaultBuildOperationExecutor.java:165)\r\n\tat org.gradle.internal.operations.DefaultBuildOperationExecutor.execute(DefaultBuildOperationExecutor.java:250)\r\n\tat org.gradle.internal.operations.DefaultBuildOperationExecutor.execute(DefaultBuildOperationExecutor.java:158)\r\n\tat org.gradle.internal.operations.DefaultBuildOperationExecutor.call(DefaultBuildOperationExecutor.java:102)\r\n\tat org.gradle.internal.operations.DelegatingBuildOperationExecutor.call(DelegatingBuildOperationExecutor.java:36)\r\n\tat org.gradle.workers.internal.AbstractWorker.executeWrappedInBuildOperation(AbstractWorker.java:41)\r\n\tat org.gradle.workers.internal.NoIsolationWorkerFactory$1.execute(NoIsolationWorkerFactory.java:53)\r\n\tat org.gradle.workers.internal.DefaultWorkerExecutor.lambda$submitWork$2(DefaultWorkerExecutor.java:200)\r\n\tat java.base/java.util.concurrent.FutureTask.run(FutureTask.java:264)\r\n\tat org.gradle.internal.work.DefaultConditionalExecutionQueue$ExecutionRunner.runExecution(DefaultConditionalExecutionQueue.java:215)\r\n\tat org.gradle.internal.work.DefaultConditionalExecutionQueue$ExecutionRunner.runBatch(DefaultConditionalExecutionQueue.java:164)\r\n\tat org.gradle.internal.work.DefaultConditionalExecutionQueue$ExecutionRunner.run(DefaultConditionalExecutionQueue.java:131)\r\n\tat java.base/java.util.concurrent.Executors$RunnableAdapter.call(Executors.java:515)\r\n\tat java.base/java.util.concurrent.FutureTask.run(FutureTask.java:264)\r\n\tat org.gradle.internal.concurrent.ExecutorPolicy$CatchAndRecordFailures.onExecute(ExecutorPolicy.java:64)\r\n\tat org.gradle.internal.concurrent.ManagedExecutorImpl$1.run(ManagedExecutorImpl.java:48)\r\n\tat java.base/java.util.concurrent.ThreadPoolExecutor.runWorker(ThreadPoolExecutor.java:1128)\r\n\tat java.base/java.util.concurrent.ThreadPoolExecutor$Worker.run(ThreadPoolExecutor.java:628)\r\n\tat org.gradle.internal.concurrent.ThreadFactoryImpl$ManagedThreadRunnable.run(ThreadFactoryImpl.java:56)\r\n\tat java.base/java.lang.Thread.run(Thread.java:829)\r\n\tSuppressed: java.util.concurrent.ExecutionException: com.android.tools.r8.errors.a: zip file closed\r\n\t\tat com.google.common.util.concurrent.AbstractFuture.getDoneValue(AbstractFuture.java:552)\r\n\t\tat com.google.common.util.concurrent.AbstractFuture.get(AbstractFuture.java:513)\r\n\t\tat com.google.common.util.concurrent.FluentFuture$TrustedFuture.get(FluentFuture.java:86)\r\n\t\tat com.android.tools.r8.utils.U0.a(:14)\r\n\t\tat com.android.tools.r8.utils.U0.a(:9)\r\n\t\t... 40 more\r\n\tCaused by: [CIRCULAR REFERENCE: com.android.tools.r8.errors.a: zip file closed]\r\nCaused by: java.lang.IllegalStateException: zip file closed\r\n\tat java.base/java.util.zip.ZipFile.ensureOpen(ZipFile.java:930)\r\n\tat java.base/java.util.zip.ZipFile.getEntry(ZipFile.java:357)\r\n\tat java.base/java.util.zip.ZipFile.getEntry(ZipFile.java:341)\r\n\tat com.android.tools.r8.ArchiveClassFileProvider.getProgramResource(:2)\r\n\tat com.android.builder.dexing.r8.CachingArchiveClassFileProvider.lambda$getProgramResource$0(CachingArchiveClassFileProvider.java:38)\r\n\tat java.base/java.util.concurrent.ConcurrentHashMap.computeIfAbsent(ConcurrentHashMap.java:1705)\r\n\tat com.android.builder.dexing.r8.CachingArchiveClassFileProvider.getProgramResource(CachingArchiveClassFileProvider.java:38)\r\n\tat com.android.builder.dexing.r8.ClassFileProviderFactory$OrderedClassFileResourceProvider.getProgramResource(ClassFileProviderFactory.java:78)\r\n\tat com.android.tools.r8.utils.J.a(:2)\r\n\tat com.android.tools.r8.utils.G.a(:8)\r\n\tat com.android.tools.r8.utils.G.get(:1)\r\n\tat com.android.tools.r8.utils.H.a(:28)\r\n\tat com.android.tools.r8.graph.D0.definitionFor(:16)\r\n\tat com.android.tools.r8.graph.c.definitionFor(:16)\r\n\tat com.android.tools.r8.u.c.p.a(:55)\r\n\tat com.android.tools.r8.ir.conversion.O.a(:672)\r\n\tat com.android.tools.r8.ir.conversion.O.a(:417)\r\n\tat com.android.tools.r8.ir.conversion.O.b(:53)\r\n\t... 53 more\r\n","sources":[{"file":"E:\\final_Project\\LeafAI\\caches\\transforms-2\\files-2.1\\306a9dd6e08db549e9e4fdf366fad08d\\constraintlayout-2.1.1-runtime.jar"}],"tool":"D8"}
AGPBI: {"kind":"error","text":"zip file closed\r\nStack trace:\r\ncom.android.tools.r8.errors.a: zip file closed\r\n\tat com.android.tools.r8.ir.conversion.O.b(:57)\r\n\tat com.android.tools.r8.ir.conversion.O.a(:104)\r\n\tat com.android.tools.r8.ir.conversion.O.a(:53)\r\n\tat com.android.tools.r8.graph.C.b(:40)\r\n\tat com.android.tools.r8.ir.conversion.O.b(:35)\r\n\tat com.android.tools.r8.utils.U0.a(:10)\r\n\tat com.google.common.util.concurrent.TrustedListenableFutureTask$TrustedFutureInterruptibleTask.runInterruptibly(TrustedListenableFutureTask.java:125)\r\n\tat com.google.common.util.concurrent.InterruptibleTask.run(InterruptibleTask.java:69)\r\n\tat com.google.common.util.concurrent.TrustedListenableFutureTask.run(TrustedListenableFutureTask.java:78)\r\n\tat com.google.common.util.concurrent.MoreExecutors$DirectExecutorService.execute(MoreExecutors.java:322)\r\n\tat java.base/java.util.concurrent.AbstractExecutorService.submit(AbstractExecutorService.java:140)\r\n\tat com.google.common.util.concurrent.AbstractListeningExecutorService.submit(AbstractListeningExecutorService.java:66)\r\n\tat com.google.common.util.concurrent.AbstractListeningExecutorService.submit(AbstractListeningExecutorService.java:36)\r\n\tat com.android.tools.r8.utils.U0.a(:3)\r\n\tat com.android.tools.r8.ir.conversion.O.a(:10)\r\n\tat com.android.tools.r8.D8.d(:29)\r\n\tat com.android.tools.r8.D8.b(:1)\r\n\tat com.android.tools.r8.utils.W.a(:30)\r\n\tat com.android.tools.r8.D8.run(:11)\r\n\tat com.android.builder.dexing.D8DexArchiveBuilder.convert(D8DexArchiveBuilder.java:116)\r\n\tat com.android.build.gradle.internal.dexing.DexWorkActionKt.process(DexWorkAction.kt:194)\r\n\tat com.android.build.gradle.internal.dexing.DexWorkActionKt.processNonIncrementally(DexWorkAction.kt:164)\r\n\tat com.android.build.gradle.internal.dexing.DexWorkActionKt.launchProcessing(DexWorkAction.kt:91)\r\n\tat com.android.build.gradle.internal.dexing.DexWorkAction.run(DexWorkAction.kt:49)\r\n\tat org.gradle.workers.internal.AdapterWorkAction.execute(AdapterWorkAction.java:50)\r\n\tat org.gradle.workers.internal.DefaultWorkerServer.execute(DefaultWorkerServer.java:50)\r\n\tat org.gradle.workers.internal.NoIsolationWorkerFactory$1$1.create(NoIsolationWorkerFactory.java:63)\r\n\tat org.gradle.workers.internal.NoIsolationWorkerFactory$1$1.create(NoIsolationWorkerFactory.java:59)\r\n\tat org.gradle.internal.classloader.ClassLoaderUtils.executeInClassloader(ClassLoaderUtils.java:98)\r\n\tat org.gradle.workers.internal.NoIsolationWorkerFactory$1.lambda$execute$0(NoIsolationWorkerFactory.java:59)\r\n\tat org.gradle.workers.internal.AbstractWorker$1.call(AbstractWorker.java:44)\r\n\tat org.gradle.workers.internal.AbstractWorker$1.call(AbstractWorker.java:41)\r\n\tat org.gradle.internal.operations.DefaultBuildOperationExecutor$CallableBuildOperationWorker.execute(DefaultBuildOperationExecutor.java:416)\r\n\tat org.gradle.internal.operations.DefaultBuildOperationExecutor$CallableBuildOperationWorker.execute(DefaultBuildOperationExecutor.java:406)\r\n\tat org.gradle.internal.operations.DefaultBuildOperationExecutor$1.execute(DefaultBuildOperationExecutor.java:165)\r\n\tat org.gradle.internal.operations.DefaultBuildOperationExecutor.execute(DefaultBuildOperationExecutor.java:250)\r\n\tat org.gradle.internal.operations.DefaultBuildOperationExecutor.execute(DefaultBuildOperationExecutor.java:158)\r\n\tat org.gradle.internal.operations.DefaultBuildOperationExecutor.call(DefaultBuildOperationExecutor.java:102)\r\n\tat org.gradle.internal.operations.DelegatingBuildOperationExecutor.call(DelegatingBuildOperationExecutor.java:36)\r\n\tat org.gradle.workers.internal.AbstractWorker.executeWrappedInBuildOperation(AbstractWorker.java:41)\r\n\tat org.gradle.workers.internal.NoIsolationWorkerFactory$1.execute(NoIsolationWorkerFactory.java:53)\r\n\tat org.gradle.workers.internal.DefaultWorkerExecutor.lambda$submitWork$2(DefaultWorkerExecutor.java:200)\r\n\tat java.base/java.util.concurrent.FutureTask.run(FutureTask.java:264)\r\n\tat org.gradle.internal.work.DefaultConditionalExecutionQueue$ExecutionRunner.runExecution(DefaultConditionalExecutionQueue.java:215)\r\n\tat org.gradle.internal.work.DefaultConditionalExecutionQueue$ExecutionRunner.runBatch(DefaultConditionalExecutionQueue.java:164)\r\n\tat org.gradle.internal.work.DefaultConditionalExecutionQueue$ExecutionRunner.run(DefaultConditionalExecutionQueue.java:131)\r\n\tat java.base/java.util.concurrent.Executors$RunnableAdapter.call(Executors.java:515)\r\n\tat java.base/java.util.concurrent.FutureTask.run(FutureTask.java:264)\r\n\tat org.gradle.internal.concurrent.ExecutorPolicy$CatchAndRecordFailures.onExecute(ExecutorPolicy.java:64)\r\n\tat org.gradle.internal.concurrent.ManagedExecutorImpl$1.run(ManagedExecutorImpl.java:48)\r\n\tat java.base/java.util.concurrent.ThreadPoolExecutor.runWorker(ThreadPoolExecutor.java:1128)\r\n\tat java.base/java.util.concurrent.ThreadPoolExecutor$Worker.run(ThreadPoolExecutor.java:628)\r\n\tat org.gradle.internal.concurrent.ThreadFactoryImpl$ManagedThreadRunnable.run(ThreadFactoryImpl.java:56)\r\n\tat java.base/java.lang.Thread.run(Thread.java:829)\r\n\tSuppressed: java.util.concurrent.ExecutionException: com.android.tools.r8.errors.a: zip file closed\r\n\t\tat com.google.common.util.concurrent.AbstractFuture.getDoneValue(AbstractFuture.java:552)\r\n\t\tat com.google.common.util.concurrent.AbstractFuture.get(AbstractFuture.java:513)\r\n\t\tat com.google.common.util.concurrent.FluentFuture$TrustedFuture.get(FluentFuture.java:86)\r\n\t\tat com.android.tools.r8.utils.U0.a(:14)\r\n\t\tat com.android.tools.r8.utils.U0.a(:9)\r\n\t\t... 40 more\r\n\tCaused by: [CIRCULAR REFERENCE: com.android.tools.r8.errors.a: zip file closed]\r\nCaused by: java.lang.IllegalStateException: zip file closed\r\n\tat java.base/java.util.zip.ZipFile.ensureOpen(ZipFile.java:930)\r\n\tat java.base/java.util.zip.ZipFile.getEntry(ZipFile.java:357)\r\n\tat java.base/java.util.zip.ZipFile.getEntry(ZipFile.java:341)\r\n\tat com.android.tools.r8.ArchiveClassFileProvider.getProgramResource(:2)\r\n\tat com.android.builder.dexing.r8.CachingArchiveClassFileProvider.lambda$getProgramResource$0(CachingArchiveClassFileProvider.java:38)\r\n\tat java.base/java.util.concurrent.ConcurrentHashMap.computeIfAbsent(ConcurrentHashMap.java:1737)\r\n\tat com.android.builder.dexing.r8.CachingArchiveClassFileProvider.getProgramResource(CachingArchiveClassFileProvider.java:38)\r\n\tat com.android.builder.dexing.r8.ClassFileProviderFactory$OrderedClassFileResourceProvider.getProgramResource(ClassFileProviderFactory.java:78)\r\n\tat com.android.tools.r8.utils.J.a(:2)\r\n\tat com.android.tools.r8.utils.G.a(:8)\r\n\tat com.android.tools.r8.utils.G.get(:1)\r\n\tat com.android.tools.r8.utils.H.a(:28)\r\n\tat com.android.tools.r8.graph.D0.definitionFor(:19)\r\n\tat com.android.tools.r8.graph.c.definitionFor(:16)\r\n\tat com.android.tools.r8.u.c.p.a(:55)\r\n\tat com.android.tools.r8.ir.conversion.O.a(:672)\r\n\tat com.android.tools.r8.ir.conversion.O.a(:417)\r\n\tat com.android.tools.r8.ir.conversion.O.b(:53)\r\n\t... 53 more\r\n","sources":[{"file":"E:\\final_Project\\LeafAI\\caches\\transforms-2\\files-2.1\\fc5c2d88dd88b90234876feb6c407a90\\jetified-core-ktx-1.1.0-runtime.jar"}],"tool":"D8"}
AGPBI: {"kind":"error","text":"zip file closed\r\nStack trace:\r\ncom.android.tools.r8.errors.a: zip file closed\r\n\tat com.android.tools.r8.ir.conversion.O.b(:57)\r\n\tat com.android.tools.r8.ir.conversion.O.a(:104)\r\n\tat com.android.tools.r8.ir.conversion.O.a(:53)\r\n\tat com.android.tools.r8.graph.C.b(:43)\r\n\tat com.android.tools.r8.ir.conversion.O.b(:35)\r\n\tat com.android.tools.r8.utils.U0.a(:10)\r\n\tat com.google.common.util.concurrent.TrustedListenableFutureTask$TrustedFutureInterruptibleTask.runInterruptibly(TrustedListenableFutureTask.java:125)\r\n\tat com.google.common.util.concurrent.InterruptibleTask.run(InterruptibleTask.java:69)\r\n\tat com.google.common.util.concurrent.TrustedListenableFutureTask.run(TrustedListenableFutureTask.java:78)\r\n\tat com.google.common.util.concurrent.MoreExecutors$DirectExecutorService.execute(MoreExecutors.java:322)\r\n\tat java.base/java.util.concurrent.AbstractExecutorService.submit(AbstractExecutorService.java:140)\r\n\tat com.google.common.util.concurrent.AbstractListeningExecutorService.submit(AbstractListeningExecutorService.java:66)\r\n\tat com.google.common.util.concurrent.AbstractListeningExecutorService.submit(AbstractListeningExecutorService.java:36)\r\n\tat com.android.tools.r8.utils.U0.a(:3)\r\n\tat com.android.tools.r8.ir.conversion.O.a(:10)\r\n\tat com.android.tools.r8.D8.d(:29)\r\n\tat com.android.tools.r8.D8.b(:1)\r\n\tat com.android.tools.r8.utils.W.a(:30)\r\n\tat com.android.tools.r8.D8.run(:11)\r\n\tat com.android.builder.dexing.D8DexArchiveBuilder.convert(D8DexArchiveBuilder.java:116)\r\n\tat com.android.build.gradle.internal.dexing.DexWorkActionKt.process(DexWorkAction.kt:194)\r\n\tat com.android.build.gradle.internal.dexing.DexWorkActionKt.processNonIncrementally(DexWorkAction.kt:164)\r\n\tat com.android.build.gradle.internal.dexing.DexWorkActionKt.launchProcessing(DexWorkAction.kt:91)\r\n\tat com.android.build.gradle.internal.dexing.DexWorkAction.run(DexWorkAction.kt:49)\r\n\tat org.gradle.workers.internal.AdapterWorkAction.execute(AdapterWorkAction.java:50)\r\n\tat org.gradle.workers.internal.DefaultWorkerServer.execute(DefaultWorkerServer.java:50)\r\n\tat org.gradle.workers.internal.NoIsolationWorkerFactory$1$1.create(NoIsolationWorkerFactory.java:63)\r\n\tat org.gradle.workers.internal.NoIsolationWorkerFactory$1$1.create(NoIsolationWorkerFactory.java:59)\r\n\tat org.gradle.internal.classloader.ClassLoaderUtils.executeInClassloader(ClassLoaderUtils.java:98)\r\n\tat org.gradle.workers.internal.NoIsolationWorkerFactory$1.lambda$execute$0(NoIsolationWorkerFactory.java:59)\r\n\tat org.gradle.workers.internal.AbstractWorker$1.call(AbstractWorker.java:44)\r\n\tat org.gradle.workers.internal.AbstractWorker$1.call(AbstractWorker.java:41)\r\n\tat org.gradle.internal.operations.DefaultBuildOperationExecutor$CallableBuildOperationWorker.execute(DefaultBuildOperationExecutor.java:416)\r\n\tat org.gradle.internal.operations.DefaultBuildOperationExecutor$CallableBuildOperationWorker.execute(DefaultBuildOperationExecutor.java:406)\r\n\tat org.gradle.internal.operations.DefaultBuildOperationExecutor$1.execute(DefaultBuildOperationExecutor.java:165)\r\n\tat org.gradle.internal.operations.DefaultBuildOperationExecutor.execute(DefaultBuildOperationExecutor.java:250)\r\n\tat org.gradle.internal.operations.DefaultBuildOperationExecutor.execute(DefaultBuildOperationExecutor.java:158)\r\n\tat org.gradle.internal.operations.DefaultBuildOperationExecutor.call(DefaultBuildOperationExecutor.java:102)\r\n\tat org.gradle.internal.operations.DelegatingBuildOperationExecutor.call(DelegatingBuildOperationExecutor.java:36)\r\n\tat org.gradle.workers.internal.AbstractWorker.executeWrappedInBuildOperation(AbstractWorker.java:41)\r\n\tat org.gradle.workers.internal.NoIsolationWorkerFactory$1.execute(NoIsolationWorkerFactory.java:53)\r\n\tat org.gradle.workers.internal.DefaultWorkerExecutor.lambda$submitWork$2(DefaultWorkerExecutor.java:200)\r\n\tat java.base/java.util.concurrent.FutureTask.run(FutureTask.java:264)\r\n\tat org.gradle.internal.work.DefaultConditionalExecutionQueue$ExecutionRunner.runExecution(DefaultConditionalExecutionQueue.java:215)\r\n\tat org.gradle.internal.work.DefaultConditionalExecutionQueue$ExecutionRunner.runBatch(DefaultConditionalExecutionQueue.java:164)\r\n\tat org.gradle.internal.work.DefaultConditionalExecutionQueue$ExecutionRunner.run(DefaultConditionalExecutionQueue.java:131)\r\n\tat java.base/java.util.concurrent.Executors$RunnableAdapter.call(Executors.java:515)\r\n\tat java.base/java.util.concurrent.FutureTask.run(FutureTask.java:264)\r\n\tat org.gradle.internal.concurrent.ExecutorPolicy$CatchAndRecordFailures.onExecute(ExecutorPolicy.java:64)\r\n\tat org.gradle.internal.concurrent.ManagedExecutorImpl$1.run(ManagedExecutorImpl.java:48)\r\n\tat java.base/java.util.concurrent.ThreadPoolExecutor.runWorker(ThreadPoolExecutor.java:1128)\r\n\tat java.base/java.util.concurrent.ThreadPoolExecutor$Worker.run(ThreadPoolExecutor.java:628)\r\n\tat org.gradle.internal.concurrent.ThreadFactoryImpl$ManagedThreadRunnable.run(ThreadFactoryImpl.java:56)\r\n\tat java.base/java.lang.Thread.run(Thread.java:829)\r\n\tSuppressed: java.util.concurrent.ExecutionException: com.android.tools.r8.errors.a: zip file closed\r\n\t\tat com.google.common.util.concurrent.AbstractFuture.getDoneValue(AbstractFuture.java:552)\r\n\t\tat com.google.common.util.concurrent.AbstractFuture.get(AbstractFuture.java:513)\r\n\t\tat com.google.common.util.concurrent.FluentFuture$TrustedFuture.get(FluentFuture.java:86)\r\n\t\tat com.android.tools.r8.utils.U0.a(:14)\r\n\t\tat com.android.tools.r8.utils.U0.a(:9)\r\n\t\t... 40 more\r\n\tCaused by: [CIRCULAR REFERENCE: com.android.tools.r8.errors.a: zip file closed]\r\nCaused by: java.lang.IllegalStateException: zip file closed\r\n\tat java.base/java.util.zip.ZipFile.ensureOpen(ZipFile.java:930)\r\n\tat java.base/java.util.zip.ZipFile.getEntry(ZipFile.java:357)\r\n\tat java.base/java.util.zip.ZipFile.getEntry(ZipFile.java:341)\r\n\tat com.android.tools.r8.ArchiveClassFileProvider.getProgramResource(:2)\r\n\tat com.android.builder.dexing.r8.CachingArchiveClassFileProvider.lambda$getProgramResource$0(CachingArchiveClassFileProvider.java:38)\r\n\tat java.base/java.util.concurrent.ConcurrentHashMap.computeIfAbsent(ConcurrentHashMap.java:1705)\r\n\tat com.android.builder.dexing.r8.CachingArchiveClassFileProvider.getProgramResource(CachingArchiveClassFileProvider.java:38)\r\n\tat com.android.builder.dexing.r8.ClassFileProviderFactory$OrderedClassFileResourceProvider.getProgramResource(ClassFileProviderFactory.java:78)\r\n\tat com.android.tools.r8.utils.J.a(:2)\r\n\tat com.android.tools.r8.utils.G.a(:8)\r\n\tat com.android.tools.r8.utils.G.get(:1)\r\n\tat com.android.tools.r8.utils.H.a(:28)\r\n\tat com.android.tools.r8.graph.D0.definitionFor(:16)\r\n\tat com.android.tools.r8.graph.c.definitionFor(:16)\r\n\tat com.android.tools.r8.graph.f0.a(:18)\r\n\tat com.android.tools.r8.ir.optimize.d0.b(:79)\r\n\tat com.android.tools.r8.ir.conversion.O.a(:587)\r\n\tat com.android.tools.r8.ir.conversion.O.a(:417)\r\n\tat com.android.tools.r8.ir.conversion.O.b(:53)\r\n\t... 53 more\r\n","sources":[{"file":"E:\\final_Project\\LeafAI\\caches\\transforms-2\\files-2.1\\101d531618d667fc8ea14967489b3bf3\\material-1.4.0-runtime.jar"}],"tool":"D8"}
AGPBI: {"kind":"error","text":"zip file closed\r\nStack trace:\r\ncom.android.tools.r8.errors.a: zip file closed\r\n\tat com.android.tools.r8.ir.conversion.O.b(:57)\r\n\tat com.android.tools.r8.ir.conversion.O.a(:104)\r\n\tat com.android.tools.r8.ir.conversion.O.a(:53)\r\n\tat com.android.tools.r8.graph.C.b(:43)\r\n\tat com.android.tools.r8.ir.conversion.O.b(:35)\r\n\tat com.android.tools.r8.utils.U0.a(:10)\r\n\tat com.google.common.util.concurrent.TrustedListenableFutureTask$TrustedFutureInterruptibleTask.runInterruptibly(TrustedListenableFutureTask.java:125)\r\n\tat com.google.common.util.concurrent.InterruptibleTask.run(InterruptibleTask.java:69)\r\n\tat com.google.common.util.concurrent.TrustedListenableFutureTask.run(TrustedListenableFutureTask.java:78)\r\n\tat com.google.common.util.concurrent.MoreExecutors$DirectExecutorService.execute(MoreExecutors.java:322)\r\n\tat java.base/java.util.concurrent.AbstractExecutorService.submit(AbstractExecutorService.java:140)\r\n\tat com.google.common.util.concurrent.AbstractListeningExecutorService.submit(AbstractListeningExecutorService.java:66)\r\n\tat com.google.common.util.concurrent.AbstractListeningExecutorService.submit(AbstractListeningExecutorService.java:36)\r\n\tat com.android.tools.r8.utils.U0.a(:3)\r\n\tat com.android.tools.r8.ir.conversion.O.a(:10)\r\n\tat com.android.tools.r8.D8.d(:29)\r\n\tat com.android.tools.r8.D8.b(:1)\r\n\tat com.android.tools.r8.utils.W.a(:30)\r\n\tat com.android.tools.r8.D8.run(:11)\r\n\tat com.android.builder.dexing.D8DexArchiveBuilder.convert(D8DexArchiveBuilder.java:116)\r\n\tat com.android.build.gradle.internal.dexing.DexWorkActionKt.process(DexWorkAction.kt:194)\r\n\tat com.android.build.gradle.internal.dexing.DexWorkActionKt.processNonIncrementally(DexWorkAction.kt:164)\r\n\tat com.android.build.gradle.internal.dexing.DexWorkActionKt.launchProcessing(DexWorkAction.kt:91)\r\n\tat com.android.build.gradle.internal.dexing.DexWorkAction.run(DexWorkAction.kt:49)\r\n\tat org.gradle.workers.internal.AdapterWorkAction.execute(AdapterWorkAction.java:50)\r\n\tat org.gradle.workers.internal.DefaultWorkerServer.execute(DefaultWorkerServer.java:50)\r\n\tat org.gradle.workers.internal.NoIsolationWorkerFactory$1$1.create(NoIsolationWorkerFactory.java:63)\r\n\tat org.gradle.workers.internal.NoIsolationWorkerFactory$1$1.create(NoIsolationWorkerFactory.java:59)\r\n\tat org.gradle.internal.classloader.ClassLoaderUtils.executeInClassloader(ClassLoaderUtils.java:98)\r\n\tat org.gradle.workers.internal.NoIsolationWorkerFactory$1.lambda$execute$0(NoIsolationWorkerFactory.java:59)\r\n\tat org.gradle.workers.internal.AbstractWorker$1.call(AbstractWorker.java:44)\r\n\tat org.gradle.workers.internal.AbstractWorker$1.call(AbstractWorker.java:41)\r\n\tat org.gradle.internal.operations.DefaultBuildOperationExecutor$CallableBuildOperationWorker.execute(DefaultBuildOperationExecutor.java:416)\r\n\tat org.gradle.internal.operations.DefaultBuildOperationExecutor$CallableBuildOperationWorker.execute(DefaultBuildOperationExecutor.java:406)\r\n\tat org.gradle.internal.operations.DefaultBuildOperationExecutor$1.execute(DefaultBuildOperationExecutor.java:165)\r\n\tat org.gradle.internal.operations.DefaultBuildOperationExecutor.execute(DefaultBuildOperationExecutor.java:250)\r\n\tat org.gradle.internal.operations.DefaultBuildOperationExecutor.execute(DefaultBuildOperationExecutor.java:158)\r\n\tat org.gradle.internal.operations.DefaultBuildOperationExecutor.call(DefaultBuildOperationExecutor.java:102)\r\n\tat org.gradle.internal.operations.DelegatingBuildOperationExecutor.call(DelegatingBuildOperationExecutor.java:36)\r\n\tat org.gradle.workers.internal.AbstractWorker.executeWrappedInBuildOperation(AbstractWorker.java:41)\r\n\tat org.gradle.workers.internal.NoIsolationWorkerFactory$1.execute(NoIsolationWorkerFactory.java:53)\r\n\tat org.gradle.workers.internal.DefaultWorkerExecutor.lambda$submitWork$2(DefaultWorkerExecutor.java:200)\r\n\tat java.base/java.util.concurrent.FutureTask.run(FutureTask.java:264)\r\n\tat org.gradle.internal.work.DefaultConditionalExecutionQueue$ExecutionRunner.runExecution(DefaultConditionalExecutionQueue.java:215)\r\n\tat org.gradle.internal.work.DefaultConditionalExecutionQueue$ExecutionRunner.runBatch(DefaultConditionalExecutionQueue.java:164)\r\n\tat org.gradle.internal.work.DefaultConditionalExecutionQueue$ExecutionRunner.run(DefaultConditionalExecutionQueue.java:131)\r\n\tat java.base/java.util.concurrent.Executors$RunnableAdapter.call(Executors.java:515)\r\n\tat java.base/java.util.concurrent.FutureTask.run(FutureTask.java:264)\r\n\tat org.gradle.internal.concurrent.ExecutorPolicy$CatchAndRecordFailures.onExecute(ExecutorPolicy.java:64)\r\n\tat org.gradle.internal.concurrent.ManagedExecutorImpl$1.run(ManagedExecutorImpl.java:48)\r\n\tat java.base/java.util.concurrent.ThreadPoolExecutor.runWorker(ThreadPoolExecutor.java:1128)\r\n\tat java.base/java.util.concurrent.ThreadPoolExecutor$Worker.run(ThreadPoolExecutor.java:628)\r\n\tat org.gradle.internal.concurrent.ThreadFactoryImpl$ManagedThreadRunnable.run(ThreadFactoryImpl.java:56)\r\n\tat java.base/java.lang.Thread.run(Thread.java:829)\r\n\tSuppressed: java.util.concurrent.ExecutionException: com.android.tools.r8.errors.a: zip file closed\r\n\t\tat com.google.common.util.concurrent.AbstractFuture.getDoneValue(AbstractFuture.java:552)\r\n\t\tat com.google.common.util.concurrent.AbstractFuture.get(AbstractFuture.java:513)\r\n\t\tat com.google.common.util.concurrent.FluentFuture$TrustedFuture.get(FluentFuture.java:86)\r\n\t\tat com.android.tools.r8.utils.U0.a(:14)\r\n\t\tat com.android.tools.r8.utils.U0.a(:9)\r\n\t\t... 40 more\r\n\tCaused by: [CIRCULAR REFERENCE: com.android.tools.r8.errors.a: zip file closed]\r\nCaused by: java.lang.IllegalStateException: zip file closed\r\n\tat java.base/java.util.zip.ZipFile.ensureOpen(ZipFile.java:930)\r\n\tat java.base/java.util.zip.ZipFile.getEntry(ZipFile.java:357)\r\n\tat java.base/java.util.zip.ZipFile.getEntry(ZipFile.java:341)\r\n\tat com.android.tools.r8.ArchiveClassFileProvider.getProgramResource(:2)\r\n\tat com.android.builder.dexing.r8.CachingArchiveClassFileProvider.lambda$getProgramResource$0(CachingArchiveClassFileProvider.java:38)\r\n\tat java.base/java.util.concurrent.ConcurrentHashMap.computeIfAbsent(ConcurrentHashMap.java:1737)\r\n\tat com.android.builder.dexing.r8.CachingArchiveClassFileProvider.getProgramResource(CachingArchiveClassFileProvider.java:38)\r\n\tat com.android.builder.dexing.r8.ClassFileProviderFactory$OrderedClassFileResourceProvider.getProgramResource(ClassFileProviderFactory.java:78)\r\n\tat com.android.tools.r8.utils.J.a(:2)\r\n\tat com.android.tools.r8.utils.G.a(:8)\r\n\tat com.android.tools.r8.utils.G.get(:1)\r\n\tat com.android.tools.r8.utils.H.a(:28)\r\n\tat com.android.tools.r8.graph.D0.definitionFor(:16)\r\n\tat com.android.tools.r8.graph.c.definitionFor(:16)\r\n\tat com.android.tools.r8.graph.f0.a(:18)\r\n\tat com.android.tools.r8.ir.optimize.d0.b(:79)\r\n\tat com.android.tools.r8.ir.conversion.O.a(:587)\r\n\tat com.android.tools.r8.ir.conversion.O.a(:417)\r\n\tat com.android.tools.r8.ir.conversion.O.b(:53)\r\n\t... 53 more\r\n","sources":[{"file":"E:\\final_Project\\LeafAI\\caches\\transforms-2\\files-2.1\\306a9dd6e08db549e9e4fdf366fad08d\\constraintlayout-2.1.1-runtime.jar"}],"tool":"D8"}
AGPBI: {"kind":"error","text":"zip file closed\r\nStack trace:\r\ncom.android.tools.r8.errors.a: zip file closed\r\n\tat com.android.tools.r8.ir.conversion.O.b(:57)\r\n\tat com.android.tools.r8.ir.conversion.O.a(:104)\r\n\tat com.android.tools.r8.ir.conversion.O.a(:53)\r\n\tat com.android.tools.r8.graph.C.b(:43)\r\n\tat com.android.tools.r8.ir.conversion.O.b(:35)\r\n\tat com.android.tools.r8.utils.U0.a(:10)\r\n\tat com.google.common.util.concurrent.TrustedListenableFutureTask$TrustedFutureInterruptibleTask.runInterruptibly(TrustedListenableFutureTask.java:125)\r\n\tat com.google.common.util.concurrent.InterruptibleTask.run(InterruptibleTask.java:69)\r\n\tat com.google.common.util.concurrent.TrustedListenableFutureTask.run(TrustedListenableFutureTask.java:78)\r\n\tat com.google.common.util.concurrent.MoreExecutors$DirectExecutorService.execute(MoreExecutors.java:322)\r\n\tat java.base/java.util.concurrent.AbstractExecutorService.submit(AbstractExecutorService.java:140)\r\n\tat com.google.common.util.concurrent.AbstractListeningExecutorService.submit(AbstractListeningExecutorService.java:66)\r\n\tat com.google.common.util.concurrent.AbstractListeningExecutorService.submit(AbstractListeningExecutorService.java:36)\r\n\tat com.android.tools.r8.utils.U0.a(:3)\r\n\tat com.android.tools.r8.ir.conversion.O.a(:10)\r\n\tat com.android.tools.r8.D8.d(:29)\r\n\tat com.android.tools.r8.D8.b(:1)\r\n\tat com.android.tools.r8.utils.W.a(:30)\r\n\tat com.android.tools.r8.D8.run(:11)\r\n\tat com.android.builder.dexing.D8DexArchiveBuilder.convert(D8DexArchiveBuilder.java:116)\r\n\tat com.android.build.gradle.internal.dexing.DexWorkActionKt.process(DexWorkAction.kt:194)\r\n\tat com.android.build.gradle.internal.dexing.DexWorkActionKt.processNonIncrementally(DexWorkAction.kt:164)\r\n\tat com.android.build.gradle.internal.dexing.DexWorkActionKt.launchProcessing(DexWorkAction.kt:91)\r\n\tat com.android.build.gradle.internal.dexing.DexWorkAction.run(DexWorkAction.kt:49)\r\n\tat org.gradle.workers.internal.AdapterWorkAction.execute(AdapterWorkAction.java:50)\r\n\tat org.gradle.workers.internal.DefaultWorkerServer.execute(DefaultWorkerServer.java:50)\r\n\tat org.gradle.workers.internal.NoIsolationWorkerFactory$1$1.create(NoIsolationWorkerFactory.java:63)\r\n\tat org.gradle.workers.internal.NoIsolationWorkerFactory$1$1.create(NoIsolationWorkerFactory.java:59)\r\n\tat org.gradle.internal.classloader.ClassLoaderUtils.executeInClassloader(ClassLoaderUtils.java:98)\r\n\tat org.gradle.workers.internal.NoIsolationWorkerFactory$1.lambda$execute$0(NoIsolationWorkerFactory.java:59)\r\n\tat org.gradle.workers.internal.AbstractWorker$1.call(AbstractWorker.java:44)\r\n\tat org.gradle.workers.internal.AbstractWorker$1.call(AbstractWorker.java:41)\r\n\tat org.gradle.internal.operations.DefaultBuildOperationExecutor$CallableBuildOperationWorker.execute(DefaultBuildOperationExecutor.java:416)\r\n\tat org.gradle.internal.operations.DefaultBuildOperationExecutor$CallableBuildOperationWorker.execute(DefaultBuildOperationExecutor.java:406)\r\n\tat org.gradle.internal.operations.DefaultBuildOperationExecutor$1.execute(DefaultBuildOperationExecutor.java:165)\r\n\tat org.gradle.internal.operations.DefaultBuildOperationExecutor.execute(DefaultBuildOperationExecutor.java:250)\r\n\tat org.gradle.internal.operations.DefaultBuildOperationExecutor.execute(DefaultBuildOperationExecutor.java:158)\r\n\tat org.gradle.internal.operations.DefaultBuildOperationExecutor.call(DefaultBuildOperationExecutor.java:102)\r\n\tat org.gradle.internal.operations.DelegatingBuildOperationExecutor.call(DelegatingBuildOperationExecutor.java:36)\r\n\tat org.gradle.workers.internal.AbstractWorker.executeWrappedInBuildOperation(AbstractWorker.java:41)\r\n\tat org.gradle.workers.internal.NoIsolationWorkerFactory$1.execute(NoIsolationWorkerFactory.java:53)\r\n\tat org.gradle.workers.internal.DefaultWorkerExecutor.lambda$submitWork$2(DefaultWorkerExecutor.java:200)\r\n\tat java.base/java.util.concurrent.FutureTask.run(FutureTask.java:264)\r\n\tat org.gradle.internal.work.DefaultConditionalExecutionQueue$ExecutionRunner.runExecution(DefaultConditionalExecutionQueue.java:215)\r\n\tat org.gradle.internal.work.DefaultConditionalExecutionQueue$ExecutionRunner.runBatch(DefaultConditionalExecutionQueue.java:164)\r\n\tat org.gradle.internal.work.DefaultConditionalExecutionQueue$ExecutionRunner.run(DefaultConditionalExecutionQueue.java:131)\r\n\tat java.base/java.util.concurrent.Executors$RunnableAdapter.call(Executors.java:515)\r\n\tat java.base/java.util.concurrent.FutureTask.run(FutureTask.java:264)\r\n\tat org.gradle.internal.concurrent.ExecutorPolicy$CatchAndRecordFailures.onExecute(ExecutorPolicy.java:64)\r\n\tat org.gradle.internal.concurrent.ManagedExecutorImpl$1.run(ManagedExecutorImpl.java:48)\r\n\tat java.base/java.util.concurrent.ThreadPoolExecutor.runWorker(ThreadPoolExecutor.java:1128)\r\n\tat java.base/java.util.concurrent.ThreadPoolExecutor$Worker.run(ThreadPoolExecutor.java:628)\r\n\tat org.gradle.internal.concurrent.ThreadFactoryImpl$ManagedThreadRunnable.run(ThreadFactoryImpl.java:56)\r\n\tat java.base/java.lang.Thread.run(Thread.java:829)\r\n\tSuppressed: java.util.concurrent.ExecutionException: com.android.tools.r8.errors.a: zip file closed\r\n\t\tat com.google.common.util.concurrent.AbstractFuture.getDoneValue(AbstractFuture.java:552)\r\n\t\tat com.google.common.util.concurrent.AbstractFuture.get(AbstractFuture.java:513)\r\n\t\tat com.google.common.util.concurrent.FluentFuture$TrustedFuture.get(FluentFuture.java:86)\r\n\t\tat com.android.tools.r8.utils.U0.a(:14)\r\n\t\tat com.android.tools.r8.utils.U0.a(:9)\r\n\t\t... 40 more\r\n\tCaused by: [CIRCULAR REFERENCE: com.android.tools.r8.errors.a: zip file closed]\r\nCaused by: java.lang.IllegalStateException: zip file closed\r\n\tat java.base/java.util.zip.ZipFile.ensureOpen(ZipFile.java:930)\r\n\tat java.base/java.util.zip.ZipFile.getEntry(ZipFile.java:357)\r\n\tat java.base/java.util.zip.ZipFile.getEntry(ZipFile.java:341)\r\n\tat com.android.tools.r8.ArchiveClassFileProvider.getProgramResource(:2)\r\n\tat com.android.builder.dexing.r8.CachingArchiveClassFileProvider.lambda$getProgramResource$0(CachingArchiveClassFileProvider.java:38)\r\n\tat java.base/java.util.concurrent.ConcurrentHashMap.computeIfAbsent(ConcurrentHashMap.java:1705)\r\n\tat com.android.builder.dexing.r8.CachingArchiveClassFileProvider.getProgramResource(CachingArchiveClassFileProvider.java:38)\r\n\tat com.android.builder.dexing.r8.ClassFileProviderFactory$OrderedClassFileResourceProvider.getProgramResource(ClassFileProviderFactory.java:78)\r\n\tat com.android.tools.r8.utils.J.a(:2)\r\n\tat com.android.tools.r8.utils.G.a(:8)\r\n\tat com.android.tools.r8.utils.G.get(:1)\r\n\tat com.android.tools.r8.utils.H.a(:28)\r\n\tat com.android.tools.r8.graph.D0.definitionFor(:16)\r\n\tat com.android.tools.r8.graph.c.definitionFor(:16)\r\n\tat com.android.tools.r8.graph.f0.a(:18)\r\n\tat com.android.tools.r8.ir.optimize.d0.b(:79)\r\n\tat com.android.tools.r8.ir.conversion.O.a(:587)\r\n\tat com.android.tools.r8.ir.conversion.O.a(:417)\r\n\tat com.android.tools.r8.ir.conversion.O.b(:53)\r\n\t... 53 more\r\n","sources":[{"file":"E:\\final_Project\\LeafAI\\caches\\transforms-2\\files-2.1\\101d531618d667fc8ea14967489b3bf3\\material-1.4.0-runtime.jar"}],"tool":"D8"}
thread 20: client disconnection detected, canceling the build

FAILURE: Build failed with an exception.

* What went wrong:
Services for Gradle user home directory 'E:\final_Project\LeafAI' have not been released.

* Try:
Run with --stacktrace option to get the stack trace. Run with --info or --debug option to get more log output. Run with --scan to get full insights.

* Get more help at https://help.gradle.org
Daemon vm is shutting down... The daemon has exited normally or was terminated in response to a user interrupt.
